#! /c/iverilog/bin/vvp
:ivl_version "0.9.7 " "(v0_9_7)";
:vpi_time_precision + 0;
:vpi_module "system";
:vpi_module "v2005_math";
:vpi_module "va_math";
S_01073340 .scope module, "mux21tb" "mux21tb" 2 2;
 .timescale 0 0;
v0107D528_0 .var "a", 0 0;
v0107D580_0 .var "b", 0 0;
v0107D7B8_0 .var "sel", 0 0;
v0107D9C8_0 .net "y", 0 0, L_0107DEC0; 1 drivers
S_010783C8 .scope module, "m1" "mux21" 2 7, 3 1, S_01073340;
 .timescale 0 0;
L_010733C8 .functor OR 1, v0107D528_0, L_0107DFA0, C4<0>, C4<0>;
L_0107DE18 .functor AND 1, v0107D580_0, v0107D7B8_0, C4<1>, C4<1>;
L_0107DEC0 .functor OR 1, L_010733C8, L_0107DE18, C4<0>, C4<0>;
L_0107DFA0 .functor NOT 1, v0107D7B8_0, C4<0>, C4<0>, C4<0>;
v01078450_0 .net "a", 0 0, v0107D528_0; 1 drivers
v010784A8_0 .net "b", 0 0, v0107D580_0; 1 drivers
v01074130_0 .net "sel", 0 0, v0107D7B8_0; 1 drivers
v01074188_0 .net "w1", 0 0, L_0107DFA0; 1 drivers
v010741E0_0 .net "w2", 0 0, L_010733C8; 1 drivers
v01074238_0 .net "w3", 0 0, L_0107DE18; 1 drivers
v0107D4D0_0 .alias "y", 0 0, v0107D9C8_0;
    .scope S_01073340;
T_0 ;
    %vpi_call 2 9 "$dumpfile", "mux21tb.vcd";
    %vpi_call 2 10 "$dumpvars", 1'sb0, S_01073340;
    %set/v v0107D528_0, 1, 1;
    %set/v v0107D580_0, 0, 1;
    %set/v v0107D7B8_0, 1, 1;
    %delay 5, 0;
    %set/v v0107D7B8_0, 0, 1;
    %delay 10, 0;
    %set/v v0107D7B8_0, 1, 1;
    %delay 5, 0;
    %vpi_call 2 14 "$finish";
    %end;
    .thread T_0;
# The file index is used to find the file name in the following table.
:file_names 4;
    "N/A";
    "<interactive>";
    "mux21tb.v";
    "./mux21.v";
