#! /c/iverilog/bin/vvp
:ivl_version "0.9.7 " "(v0_9_7)";
:vpi_time_precision + 0;
:vpi_module "system";
:vpi_module "v2005_math";
:vpi_module "va_math";
S_009A3618 .scope module, "memory_unit" "memory_unit" 2 3;
 .timescale 0 0;
P_009A337C .param/l "DATAWIDTH" 2 11, +C4<01000>;
P_009A3390 .param/l "memory_size" 2 12, +C4<0100000000>;
L_009AEEE8 .functor BUFZ 8, L_009AEE90, C4<00000000>, C4<00000000>, C4<00000000>;
v009A3410_0 .net *"_s0", 7 0, L_009AEE90; 1 drivers
v009A3468_0 .net "address", 7 0, C4<zzzzzzzz>; 0 drivers
v009AECD8_0 .net "clk", 0 0, C4<z>; 0 drivers
v009AED30_0 .net "data_in", 7 0, C4<zzzzzzzz>; 0 drivers
v009AED88_0 .net "data_out", 7 0, L_009AEEE8; 1 drivers
v009AEDE0 .array "memory", 0 255, 7 0;
v009AEE38_0 .net "write", 0 0, C4<z>; 0 drivers
E_009A4BC0 .event posedge, v009AECD8_0;
L_009AEE90 .array/port v009AEDE0, C4<zzzzzzzz>;
    .scope S_009A3618;
T_0 ;
    %wait E_009A4BC0;
    %load/v 8, v009AEE38_0, 1;
    %jmp/0xz  T_0.0, 8;
    %load/v 8, v009AED30_0, 8;
    %ix/getv 3, v009A3468_0;
    %jmp/1 t_0, 4;
    %ix/load 0, 8, 0; word width
    %ix/load 1, 0, 0; part off
    %assign/av v009AEDE0, 0, 8;
t_0 ;
T_0.0 ;
    %jmp T_0;
    .thread T_0;
# The file index is used to find the file name in the following table.
:file_names 3;
    "N/A";
    "<interactive>";
    "memory_unit.v";
