#! /c/iverilog/bin/vvp
:ivl_version "0.9.7 " "(v0_9_7)";
:vpi_time_precision + 0;
:vpi_module "system";
:vpi_module "v2005_math";
:vpi_module "va_math";
S_0102D0A0 .scope module, "top" "top" 2 4;
 .timescale 0 0;
P_0103D74C .param/l "DATAWIDTH" 2 8, +C4<01000>;
P_0103D760 .param/l "sel1_size" 2 9, +C4<011>;
P_0103D774 .param/l "sel2_size" 2 10, +C4<010>;
v010906F8_0 .net "address", 7 0, v0108C960_0; 1 drivers
v01090960_0 .net "bus1", 7 0, L_01091D50; 1 drivers
v01090388_0 .net "clk", 0 0, C4<z>; 0 drivers
v01090648_0 .net "clr", 0 0, C4<z>; 0 drivers
v010906A0_0 .net "inc_pc", 0 0, v0108AE20_0; 1 drivers
v01090438_0 .net "instruction", 7 0, v0108D1A0_0; 1 drivers
v01090A68_0 .net "ld_address_reg", 0 0, v0108AF28_0; 1 drivers
v010921C8_0 .net "ld_ir", 0 0, v0108AA58_0; 1 drivers
v01092328_0 .net "ld_pc", 0 0, v0108AE78_0; 1 drivers
v01091B40_0 .net "ld_r0", 0 0, v0108B138_0; 1 drivers
v01091930_0 .net "ld_r1", 0 0, v0108AD18_0; 1 drivers
v01091A90_0 .net "ld_r2", 0 0, v0108AED0_0; 1 drivers
v01092068_0 .net "ld_r3", 0 0, v0108AA00_0; 1 drivers
v01091A38_0 .net "ld_reg_y", 0 0, v0108B298_0; 1 drivers
v01091EB0_0 .net "ld_reg_z", 0 0, v0108B1E8_0; 1 drivers
v01092170_0 .net "mem_word", 7 0, L_010932C0; 1 drivers
v01091AE8_0 .net "sel_bus1_mux", 2 0, L_01093C60; 1 drivers
v01091988_0 .net "sel_bus2_mux", 1 0, L_01093A50; 1 drivers
v01091F08_0 .net "write", 0 0, v0108B088_0; 1 drivers
v01092118_0 .net "zero", 0 0, v0108C9B8_0; 1 drivers
S_0102DBC8 .scope module, "processor" "processing_unit" 2 24, 3 10, S_0102D0A0;
 .timescale 0 0;
P_01054554 .param/l "DATAWIDTH" 3 34, +C4<01000>;
P_01054568 .param/l "opcode_size" 3 35, +C4<0100>;
P_0105457C .param/l "sel1_size" 3 36, +C4<011>;
P_01054590 .param/l "sel2_size" 3 37, +C4<010>;
v01090D28_0 .alias "address", 7 0, v010906F8_0;
v01090E88_0 .net "alu_out", 7 0, v0108AD70_0; 1 drivers
v01090F38_0 .net "alu_zero_flag", 0 0, L_010927F8; 1 drivers
v01090BC8_0 .alias "bus1", 7 0, v01090960_0;
v010901D0_0 .net "bus2", 7 0, L_01092538; 1 drivers
v010904E8_0 .alias "clk", 0 0, v01090388_0;
v01090178_0 .alias "clr", 0 0, v01090648_0;
v01090280_0 .alias "inc_pc", 0 0, v010906A0_0;
v01090AC0_0 .alias "instruction", 7 0, v01090438_0;
v010907A8_0 .alias "ld_address_reg", 0 0, v01090A68_0;
v01090750_0 .alias "ld_ir", 0 0, v010921C8_0;
v010903E0_0 .alias "ld_pc", 0 0, v01092328_0;
v01090B18_0 .alias "ld_r0", 0 0, v01091B40_0;
v010909B8_0 .alias "ld_r1", 0 0, v01091930_0;
v010900C8_0 .alias "ld_r2", 0 0, v01091A90_0;
v01090490_0 .alias "ld_r3", 0 0, v01092068_0;
v01090540_0 .alias "ld_reg_y", 0 0, v01091A38_0;
v010902D8_0 .alias "ld_reg_z", 0 0, v01091EB0_0;
v01090330_0 .alias "mem_word", 7 0, v01092170_0;
v01090908_0 .net "opcode", 3 0, L_010919E0; 1 drivers
v01090800_0 .net "out_r0", 7 0, v01090CD0_0; 1 drivers
v010905F0_0 .net "out_r1", 7 0, v01090EE0_0; 1 drivers
v01090858_0 .net "out_r2", 7 0, v0108D5C0_0; 1 drivers
v01090120_0 .net "out_r3", 7 0, v0108D6C8_0; 1 drivers
v01090A10_0 .net "out_reg_y", 7 0, v0108D720_0; 1 drivers
v01090070_0 .net "pc_count", 7 0, v0108CD80_0; 1 drivers
v01090228_0 .alias "sel_bus1_mux", 2 0, v01091AE8_0;
v01090598_0 .alias "sel_bus2_mux", 1 0, v01091988_0;
v010908B0_0 .alias "zero_flag", 0 0, v01092118_0;
L_010919E0 .part v0108D1A0_0, 4, 4;
S_0108EA80 .scope module, "R0" "register_unit" 3 63, 4 1, S_0102DBC8;
 .timescale 0 0;
P_01046FBC .param/l "DATAWIDTH" 4 9, +C4<01000>;
v01090C78_0 .alias "clk", 0 0, v01090388_0;
v01090B70_0 .alias "clr", 0 0, v01090648_0;
v01090FE8_0 .alias "data_in", 7 0, v010901D0_0;
v01090CD0_0 .var "data_out", 7 0;
v01090F90_0 .alias "load", 0 0, v01091B40_0;
S_0108E6C8 .scope module, "R1" "register_unit" 3 64, 4 1, S_0102DBC8;
 .timescale 0 0;
P_01052884 .param/l "DATAWIDTH" 4 9, +C4<01000>;
v01090D80_0 .alias "clk", 0 0, v01090388_0;
v01090C20_0 .alias "clr", 0 0, v01090648_0;
v01090DD8_0 .alias "data_in", 7 0, v010901D0_0;
v01090EE0_0 .var "data_out", 7 0;
v01090E30_0 .alias "load", 0 0, v01091930_0;
S_0108E530 .scope module, "R2" "register_unit" 3 65, 4 1, S_0102DBC8;
 .timescale 0 0;
P_010523E4 .param/l "DATAWIDTH" 4 9, +C4<01000>;
v0108D460_0 .alias "clk", 0 0, v01090388_0;
v0108D778_0 .alias "clr", 0 0, v01090648_0;
v0108D408_0 .alias "data_in", 7 0, v010901D0_0;
v0108D5C0_0 .var "data_out", 7 0;
v0108D618_0 .alias "load", 0 0, v01091A90_0;
S_0108EFD0 .scope module, "R3" "register_unit" 3 66, 4 1, S_0102DBC8;
 .timescale 0 0;
P_01052744 .param/l "DATAWIDTH" 4 9, +C4<01000>;
v0108D568_0 .alias "clk", 0 0, v01090388_0;
v0108D4B8_0 .alias "clr", 0 0, v01090648_0;
v0108D3B0_0 .alias "data_in", 7 0, v010901D0_0;
v0108D6C8_0 .var "data_out", 7 0;
v0108D510_0 .alias "load", 0 0, v01092068_0;
S_0108E860 .scope module, "REG_Y" "register_unit" 3 67, 4 1, S_0102DBC8;
 .timescale 0 0;
P_010525E4 .param/l "DATAWIDTH" 4 9, +C4<01000>;
v0108CB18_0 .alias "clk", 0 0, v01090388_0;
v0108D670_0 .alias "clr", 0 0, v01090648_0;
v0108D7D0_0 .alias "data_in", 7 0, v010901D0_0;
v0108D720_0 .var "data_out", 7 0;
v0108D358_0 .alias "load", 0 0, v01091A38_0;
S_0108EB90 .scope module, "REG_Z" "dff" 3 68, 5 1, S_0102DBC8;
 .timescale 0 0;
v0108D040_0 .alias "clk", 0 0, v01090388_0;
v0108D098_0 .alias "clr", 0 0, v01090648_0;
v0108D300_0 .alias "data_in", 0 0, v01090F38_0;
v0108C9B8_0 .var "data_out", 0 0;
v0108CAC0_0 .alias "load", 0 0, v01091EB0_0;
S_0108EE38 .scope module, "ADDR_REG" "address_register" 3 69, 6 1, S_0102DBC8;
 .timescale 0 0;
P_01052584 .param/l "DATAWIDTH" 6 9, +C4<01000>;
v0108D1F8_0 .alias "clk", 0 0, v01090388_0;
v0108CF38_0 .alias "clr", 0 0, v01090648_0;
v0108D148_0 .alias "data_in", 7 0, v010901D0_0;
v0108C960_0 .var "data_out", 7 0;
v0108CF90_0 .alias "load", 0 0, v01090A68_0;
S_01025130 .scope module, "IR" "instruction_register" 3 70, 7 1, S_0102DBC8;
 .timescale 0 0;
P_01052404 .param/l "DATAWIDTH" 7 9, +C4<01000>;
v0108CA68_0 .alias "clk", 0 0, v01090388_0;
v0108CC78_0 .alias "clr", 0 0, v01090648_0;
v0108CE30_0 .alias "data_in", 7 0, v010901D0_0;
v0108D1A0_0 .var "data_out", 7 0;
v0108CE88_0 .alias "load", 0 0, v010921C8_0;
S_0102D458 .scope module, "PC" "program_counter" 3 71, 8 1, S_0102DBC8;
 .timescale 0 0;
P_01052504 .param/l "DATAWIDTH" 8 10, +C4<01000>;
v0108CC20_0 .alias "clk", 0 0, v01090388_0;
v0108CD28_0 .alias "clr", 0 0, v01090648_0;
v0108CD80_0 .var "count", 7 0;
v0108CBC8_0 .alias "data_in", 7 0, v010901D0_0;
v0108C908_0 .alias "inc_pc", 0 0, v010906A0_0;
v0108D2A8_0 .alias "ld_pc", 0 0, v01092328_0;
S_0102D3D0 .scope module, "MUX1" "mux_5channel" 3 72, 9 1, S_0102DBC8;
 .timescale 0 0;
P_010527A4 .param/l "DATAWIDTH" 9 11, +C4<01000>;
v0108BD20_0 .net *"_s0", 3 0, L_010920C0; 1 drivers
v0108B958_0 .net *"_s11", 0 0, C4<0>; 1 drivers
v0108C140_0 .net *"_s12", 3 0, C4<0001>; 1 drivers
v0108B9B0_0 .net *"_s14", 0 0, L_01092220; 1 drivers
v0108BAB8_0 .net *"_s16", 3 0, L_01092278; 1 drivers
v0108BA60_0 .net *"_s19", 0 0, C4<0>; 1 drivers
v0108BF88_0 .net *"_s20", 3 0, C4<0010>; 1 drivers
v0108C248_0 .net *"_s22", 0 0, L_01091B98; 1 drivers
v0108C2A0_0 .net *"_s24", 3 0, L_010922D0; 1 drivers
v0108C2F8_0 .net *"_s27", 0 0, C4<0>; 1 drivers
v0108C038_0 .net *"_s28", 3 0, C4<0011>; 1 drivers
v0108C090_0 .net *"_s3", 0 0, C4<0>; 1 drivers
v0108B850_0 .net *"_s30", 0 0, L_010918D8; 1 drivers
v0108BE80_0 .net *"_s32", 4 0, L_01091880; 1 drivers
v0108BD78_0 .net *"_s35", 1 0, C4<00>; 1 drivers
v0108B8A8_0 .net *"_s36", 4 0, C4<00100>; 1 drivers
v0108B900_0 .net *"_s38", 0 0, L_01091F60; 1 drivers
v0108BA08_0 .net *"_s4", 3 0, C4<0000>; 1 drivers
v0108BB10_0 .net *"_s40", 7 0, C4<xxxxxxxx>; 1 drivers
v0108BB68_0 .net *"_s42", 7 0, L_01091BF0; 1 drivers
v0108BDD0_0 .net *"_s44", 7 0, L_01091C48; 1 drivers
v0108BE28_0 .net *"_s46", 7 0, L_01091CF8; 1 drivers
v0108CA10_0 .net *"_s48", 7 0, L_01091FB8; 1 drivers
v0108CB70_0 .net *"_s6", 0 0, L_01091E00; 1 drivers
v0108D0F0_0 .net *"_s8", 3 0, L_01091CA0; 1 drivers
v0108CDD8_0 .alias "in1", 7 0, v01090800_0;
v0108CCD0_0 .alias "in2", 7 0, v010905F0_0;
v0108CEE0_0 .alias "in3", 7 0, v01090858_0;
v0108C8B0_0 .alias "in4", 7 0, v01090120_0;
v0108CFE8_0 .alias "in5", 7 0, v01090070_0;
v0108D250_0 .alias "mux_out", 7 0, v01090960_0;
v0108C858_0 .alias "select", 2 0, v01091AE8_0;
L_010920C0 .concat [ 3 1 0 0], L_01093C60, C4<0>;
L_01091E00 .cmp/eq 4, L_010920C0, C4<0000>;
L_01091CA0 .concat [ 3 1 0 0], L_01093C60, C4<0>;
L_01092220 .cmp/eq 4, L_01091CA0, C4<0001>;
L_01092278 .concat [ 3 1 0 0], L_01093C60, C4<0>;
L_01091B98 .cmp/eq 4, L_01092278, C4<0010>;
L_010922D0 .concat [ 3 1 0 0], L_01093C60, C4<0>;
L_010918D8 .cmp/eq 4, L_010922D0, C4<0011>;
L_01091880 .concat [ 3 2 0 0], L_01093C60, C4<00>;
L_01091F60 .cmp/eq 5, L_01091880, C4<00100>;
L_01091BF0 .functor MUXZ 8, C4<xxxxxxxx>, v0108CD80_0, L_01091F60, C4<>;
L_01091C48 .functor MUXZ 8, L_01091BF0, v0108D6C8_0, L_010918D8, C4<>;
L_01091CF8 .functor MUXZ 8, L_01091C48, v0108D5C0_0, L_01091B98, C4<>;
L_01091FB8 .functor MUXZ 8, L_01091CF8, v01090EE0_0, L_01092220, C4<>;
L_01091D50 .functor MUXZ 8, L_01091FB8, v01090CD0_0, L_01091E00, C4<>;
S_0102D348 .scope module, "MUX2" "mux_3channel" 3 73, 10 1, S_0102DBC8;
 .timescale 0 0;
P_01052384 .param/l "DATAWIDTH" 10 9, +C4<01000>;
v0108C3A8_0 .net *"_s0", 2 0, L_01091E58; 1 drivers
v0108C458_0 .net *"_s11", 0 0, C4<0>; 1 drivers
v0108C610_0 .net *"_s12", 2 0, C4<001>; 1 drivers
v0108C6C0_0 .net *"_s14", 0 0, L_010924E0; 1 drivers
v0108C4B0_0 .net *"_s16", 3 0, L_01092698; 1 drivers
v0108C718_0 .net *"_s19", 1 0, C4<00>; 1 drivers
v0108C770_0 .net *"_s20", 3 0, C4<0010>; 1 drivers
v0108C508_0 .net *"_s22", 0 0, L_01092748; 1 drivers
v0108C5B8_0 .net *"_s24", 7 0, C4<xxxxxxxx>; 1 drivers
v0108C668_0 .net *"_s26", 7 0, L_010925E8; 1 drivers
v0108C7C8_0 .net *"_s28", 7 0, L_01092590; 1 drivers
v0108BED8_0 .net *"_s3", 0 0, C4<0>; 1 drivers
v0108BBC0_0 .net *"_s4", 2 0, C4<000>; 1 drivers
v0108BC70_0 .net *"_s6", 0 0, L_01091DA8; 1 drivers
v0108BC18_0 .net *"_s8", 2 0, L_01092640; 1 drivers
v0108C0E8_0 .alias "in1", 7 0, v01090E88_0;
v0108C198_0 .alias "in2", 7 0, v01090960_0;
v0108BFE0_0 .alias "in3", 7 0, v01092170_0;
v0108BCC8_0 .alias "mux_out", 7 0, v010901D0_0;
v0108BF30_0 .alias "select", 1 0, v01091988_0;
L_01091E58 .concat [ 2 1 0 0], L_01093A50, C4<0>;
L_01091DA8 .cmp/eq 3, L_01091E58, C4<000>;
L_01092640 .concat [ 2 1 0 0], L_01093A50, C4<0>;
L_010924E0 .cmp/eq 3, L_01092640, C4<001>;
L_01092698 .concat [ 2 2 0 0], L_01093A50, C4<00>;
L_01092748 .cmp/eq 4, L_01092698, C4<0010>;
L_010925E8 .functor MUXZ 8, C4<xxxxxxxx>, L_010932C0, L_01092748, C4<>;
L_01092590 .functor MUXZ 8, L_010925E8, L_01091D50, L_010924E0, C4<>;
L_01092538 .functor MUXZ 8, L_01092590, v0108AD70_0, L_01091DA8, C4<>;
S_0102D568 .scope module, "ALU" "alu_risc" 3 74, 11 1, S_0102DBC8;
 .timescale 0 0;
P_011E363C .param/l "ADD" 11 21, C4<0001>;
P_011E3650 .param/l "AND" 11 23, C4<0011>;
P_011E3664 .param/l "DATAWIDTH" 11 16, +C4<01000>;
P_011E3678 .param/l "NOP" 11 20, C4<0000>;
P_011E368C .param/l "NOT" 11 24, C4<0100>;
P_011E36A0 .param/l "SUB" 11 22, C4<0010>;
P_011E36B4 .param/l "opcode_size" 11 17, +C4<0100>;
v0108AD70_0 .var "alu_out", 7 0;
v0108ADC8_0 .alias "alu_zero_flag", 0 0, v01090F38_0;
v0108C400_0 .alias "data_1", 7 0, v01090A10_0;
v0108C560_0 .alias "data_2", 7 0, v01090960_0;
v0108C350_0 .alias "select", 3 0, v01090908_0;
E_01052300 .event edge, v0102F240_0, v0108C400_0, v0108C350_0;
L_010927F8 .reduce/nor v0108AD70_0;
S_0102D898 .scope module, "controller" "control_unit" 2 46, 12 1, S_0102D0A0;
 .timescale 0 0;
P_01043084 .param/l "ADD" 12 48, +C4<01>;
P_01043098 .param/l "AND" 12 50, +C4<011>;
P_010430AC .param/l "BR" 12 54, +C4<0111>;
P_010430C0 .param/l "BRZ" 12 55, +C4<01000>;
P_010430D4 .param/l "DATAWIDTH" 12 21, +C4<01000>;
P_010430E8 .param/l "NOP" 12 47, +C4<0>;
P_010430FC .param/l "NOT" 12 51, +C4<0100>;
P_01043110 .param/l "R0" 12 59, +C4<0>;
P_01043124 .param/l "R1" 12 60, +C4<01>;
P_01043138 .param/l "R2" 12 61, +C4<010>;
P_0104314C .param/l "R3" 12 62, +C4<011>;
P_01043160 .param/l "RD" 12 52, +C4<0101>;
P_01043174 .param/l "SUB" 12 49, +C4<010>;
P_01043188 .param/l "WR" 12 53, +C4<0110>;
P_0104319C .param/l "branch1" 12 41, +C4<01001>;
P_010431B0 .param/l "branch2" 12 42, +C4<01010>;
P_010431C4 .param/l "decode" 12 35, +C4<011>;
P_010431D8 .param/l "dest_size" 12 26, +C4<010>;
P_010431EC .param/l "execute" 12 36, +C4<0100>;
P_01043200 .param/l "fetch1" 12 33, +C4<01>;
P_01043214 .param/l "fetch2" 12 34, +C4<010>;
P_01043228 .param/l "halt" 12 43, +C4<01011>;
P_0104323C .param/l "idle" 12 32, +C4<0>;
P_01043250 .param/l "opcode_size" 12 22, +C4<0100>;
P_01043264 .param/l "read1" 12 37, +C4<0101>;
P_01043278 .param/l "read2" 12 38, +C4<0110>;
P_0104328C .param/l "sel1_size" 12 27, +C4<011>;
P_010432A0 .param/l "sel2_size" 12 28, +C4<010>;
P_010432B4 .param/l "src_size" 12 25, +C4<010>;
P_010432C8 .param/l "state_size" 12 23, +C4<0100>;
P_010432DC .param/l "write1" 12 39, +C4<0111>;
P_010432F0 .param/l "write2" 12 40, +C4<01000>;
v0102F298_0 .net *"_s10", 2 0, C4<010>; 1 drivers
v0102F348_0 .net *"_s12", 2 0, C4<011>; 1 drivers
v0102F3A0_0 .net *"_s14", 2 0, C4<100>; 1 drivers
v0108B4A8_0 .net *"_s16", 2 0, C4<xxx>; 1 drivers
v0108B450_0 .net *"_s18", 2 0, L_010923D8; 1 drivers
v0108B558_0 .net *"_s20", 2 0, L_01092430; 1 drivers
v0108B710_0 .net *"_s22", 2 0, L_01092488; 1 drivers
v0108B3A0_0 .net *"_s24", 2 0, L_01093898; 1 drivers
v0108B768_0 .net *"_s28", 1 0, C4<00>; 1 drivers
v0108B7C0_0 .net *"_s30", 1 0, C4<01>; 1 drivers
v0108B6B8_0 .net *"_s32", 1 0, C4<10>; 1 drivers
v0108B348_0 .net *"_s34", 1 0, C4<xx>; 1 drivers
v0108B608_0 .net *"_s36", 1 0, L_010939F8; 1 drivers
v0108B660_0 .net *"_s38", 1 0, L_01093FD0; 1 drivers
v0108B5B0_0 .net *"_s6", 2 0, C4<000>; 1 drivers
v0108B3F8_0 .net *"_s8", 2 0, C4<001>; 1 drivers
v0108B500_0 .alias "clk", 0 0, v01090388_0;
v0108A8F8_0 .alias "clr", 0 0, v01090648_0;
v0108AB60_0 .net "dest", 1 0, L_01092380; 1 drivers
v0108A8A0_0 .var "error_flag", 0 0;
v0108AE20_0 .var "inc_pc", 0 0;
v0108A848_0 .alias "instruction", 7 0, v01090438_0;
v0108AF28_0 .var "ld_address_reg", 0 0;
v0108AA58_0 .var "ld_ir", 0 0;
v0108AE78_0 .var "ld_pc", 0 0;
v0108B138_0 .var "ld_r0", 0 0;
v0108AD18_0 .var "ld_r1", 0 0;
v0108AED0_0 .var "ld_r2", 0 0;
v0108AA00_0 .var "ld_r3", 0 0;
v0108B298_0 .var "ld_reg_y", 0 0;
v0108B1E8_0 .var "ld_reg_z", 0 0;
v0108ABB8_0 .var "next_state", 3 0;
v0108AAB0_0 .net "opcode", 3 0, L_010926F0; 1 drivers
v0108B190_0 .var "sel_alu", 0 0;
v0108AC10_0 .var "sel_bus1", 0 0;
v0108B0E0_0 .alias "sel_bus1_mux", 2 0, v01091AE8_0;
v0108AFD8_0 .alias "sel_bus2_mux", 1 0, v01091988_0;
v0108AF80_0 .var "sel_mem", 0 0;
v0108ACC0_0 .var "sel_pc", 0 0;
v0108B030_0 .var "sel_r0", 0 0;
v0108B240_0 .var "sel_r1", 0 0;
v0108A9A8_0 .var "sel_r2", 0 0;
v0108A950_0 .var "sel_r3", 0 0;
v0108B2F0_0 .net "src", 1 0, L_010927A0; 1 drivers
v0108AB08_0 .var "state", 3 0;
v0108B088_0 .var "write", 0 0;
v0108AC68_0 .alias "zero", 0 0, v01092118_0;
E_01052260/0 .event edge, v0108AC68_0, v0108AB60_0, v0108B2F0_0, v0108AAB0_0;
E_01052260/1 .event edge, v0108AB08_0;
E_01052260 .event/or E_01052260/0, E_01052260/1;
E_010522A0/0 .event negedge, v0108A8F8_0;
E_010522A0/1 .event posedge, v0102F5B0_0;
E_010522A0 .event/or E_010522A0/0, E_010522A0/1;
L_010926F0 .part v0108D1A0_0, 4, 4;
L_010927A0 .part v0108D1A0_0, 2, 2;
L_01092380 .part v0108D1A0_0, 0, 2;
L_010923D8 .functor MUXZ 3, C4<xxx>, C4<100>, v0108ACC0_0, C4<>;
L_01092430 .functor MUXZ 3, L_010923D8, C4<011>, v0108A950_0, C4<>;
L_01092488 .functor MUXZ 3, L_01092430, C4<010>, v0108A9A8_0, C4<>;
L_01093898 .functor MUXZ 3, L_01092488, C4<001>, v0108B240_0, C4<>;
L_01093C60 .functor MUXZ 3, L_01093898, C4<000>, v0108B030_0, C4<>;
L_010939F8 .functor MUXZ 2, C4<xx>, C4<10>, v0108AF80_0, C4<>;
L_01093FD0 .functor MUXZ 2, L_010939F8, C4<01>, v0108AC10_0, C4<>;
L_01093A50 .functor MUXZ 2, L_01093FD0, C4<00>, v0108B190_0, C4<>;
S_0102DC50 .scope module, "RAM" "memory_unit" 2 66, 13 3, S_0102D0A0;
 .timescale 0 0;
P_010437C4 .param/l "DATAWIDTH" 13 11, +C4<01000>;
P_010437D8 .param/l "memory_size" 13 12, +C4<0100000000>;
L_010932C0 .functor BUFZ 8, L_010941E0, C4<00000000>, C4<00000000>, C4<00000000>;
v0102F4A8_0 .net *"_s0", 7 0, L_010941E0; 1 drivers
v0102F768_0 .alias "address", 7 0, v010906F8_0;
v0102F5B0_0 .alias "clk", 0 0, v01090388_0;
v0102F240_0 .alias "data_in", 7 0, v01090960_0;
v0102F870_0 .alias "data_out", 7 0, v01092170_0;
v0102F7C0 .array "memory", 0 255, 7 0;
v0102F818_0 .alias "write", 0 0, v01091F08_0;
E_01052180 .event posedge, v0102F5B0_0;
L_010941E0 .array/port v0102F7C0, v0108C960_0;
    .scope S_0108EA80;
T_0 ;
    %wait E_010522A0;
    %load/v 8, v01090B70_0, 1;
    %inv 8, 1;
    %jmp/0xz  T_0.0, 8;
    %ix/load 0, 8, 0;
    %assign/v0 v01090CD0_0, 0, 0;
    %jmp T_0.1;
T_0.0 ;
    %load/v 8, v01090F90_0, 1;
    %jmp/0xz  T_0.2, 8;
    %load/v 8, v01090FE8_0, 8;
    %ix/load 0, 8, 0;
    %assign/v0 v01090CD0_0, 0, 8;
T_0.2 ;
T_0.1 ;
    %jmp T_0;
    .thread T_0;
    .scope S_0108E6C8;
T_1 ;
    %wait E_010522A0;
    %load/v 8, v01090C20_0, 1;
    %inv 8, 1;
    %jmp/0xz  T_1.0, 8;
    %ix/load 0, 8, 0;
    %assign/v0 v01090EE0_0, 0, 0;
    %jmp T_1.1;
T_1.0 ;
    %load/v 8, v01090E30_0, 1;
    %jmp/0xz  T_1.2, 8;
    %load/v 8, v01090DD8_0, 8;
    %ix/load 0, 8, 0;
    %assign/v0 v01090EE0_0, 0, 8;
T_1.2 ;
T_1.1 ;
    %jmp T_1;
    .thread T_1;
    .scope S_0108E530;
T_2 ;
    %wait E_010522A0;
    %load/v 8, v0108D778_0, 1;
    %inv 8, 1;
    %jmp/0xz  T_2.0, 8;
    %ix/load 0, 8, 0;
    %assign/v0 v0108D5C0_0, 0, 0;
    %jmp T_2.1;
T_2.0 ;
    %load/v 8, v0108D618_0, 1;
    %jmp/0xz  T_2.2, 8;
    %load/v 8, v0108D408_0, 8;
    %ix/load 0, 8, 0;
    %assign/v0 v0108D5C0_0, 0, 8;
T_2.2 ;
T_2.1 ;
    %jmp T_2;
    .thread T_2;
    .scope S_0108EFD0;
T_3 ;
    %wait E_010522A0;
    %load/v 8, v0108D4B8_0, 1;
    %inv 8, 1;
    %jmp/0xz  T_3.0, 8;
    %ix/load 0, 8, 0;
    %assign/v0 v0108D6C8_0, 0, 0;
    %jmp T_3.1;
T_3.0 ;
    %load/v 8, v0108D510_0, 1;
    %jmp/0xz  T_3.2, 8;
    %load/v 8, v0108D3B0_0, 8;
    %ix/load 0, 8, 0;
    %assign/v0 v0108D6C8_0, 0, 8;
T_3.2 ;
T_3.1 ;
    %jmp T_3;
    .thread T_3;
    .scope S_0108E860;
T_4 ;
    %wait E_010522A0;
    %load/v 8, v0108D670_0, 1;
    %inv 8, 1;
    %jmp/0xz  T_4.0, 8;
    %ix/load 0, 8, 0;
    %assign/v0 v0108D720_0, 0, 0;
    %jmp T_4.1;
T_4.0 ;
    %load/v 8, v0108D358_0, 1;
    %jmp/0xz  T_4.2, 8;
    %load/v 8, v0108D7D0_0, 8;
    %ix/load 0, 8, 0;
    %assign/v0 v0108D720_0, 0, 8;
T_4.2 ;
T_4.1 ;
    %jmp T_4;
    .thread T_4;
    .scope S_0108EB90;
T_5 ;
    %wait E_010522A0;
    %load/v 8, v0108D098_0, 1;
    %inv 8, 1;
    %jmp/0xz  T_5.0, 8;
    %ix/load 0, 1, 0;
    %assign/v0 v0108C9B8_0, 0, 0;
    %jmp T_5.1;
T_5.0 ;
    %load/v 8, v0108CAC0_0, 1;
    %jmp/0xz  T_5.2, 8;
    %load/v 8, v0108D300_0, 1;
    %ix/load 0, 1, 0;
    %assign/v0 v0108C9B8_0, 0, 8;
T_5.2 ;
T_5.1 ;
    %jmp T_5;
    .thread T_5;
    .scope S_0108EE38;
T_6 ;
    %wait E_010522A0;
    %load/v 8, v0108CF38_0, 1;
    %inv 8, 1;
    %jmp/0xz  T_6.0, 8;
    %ix/load 0, 8, 0;
    %assign/v0 v0108C960_0, 0, 0;
    %jmp T_6.1;
T_6.0 ;
    %load/v 8, v0108CF90_0, 1;
    %jmp/0xz  T_6.2, 8;
    %load/v 8, v0108D148_0, 8;
    %ix/load 0, 8, 0;
    %assign/v0 v0108C960_0, 0, 8;
T_6.2 ;
T_6.1 ;
    %jmp T_6;
    .thread T_6;
    .scope S_01025130;
T_7 ;
    %wait E_010522A0;
    %load/v 8, v0108CC78_0, 1;
    %inv 8, 1;
    %jmp/0xz  T_7.0, 8;
    %ix/load 0, 8, 0;
    %assign/v0 v0108D1A0_0, 0, 0;
    %jmp T_7.1;
T_7.0 ;
    %load/v 8, v0108CE88_0, 1;
    %jmp/0xz  T_7.2, 8;
    %load/v 8, v0108CE30_0, 8;
    %ix/load 0, 8, 0;
    %assign/v0 v0108D1A0_0, 0, 8;
T_7.2 ;
T_7.1 ;
    %jmp T_7;
    .thread T_7;
    .scope S_0102D458;
T_8 ;
    %wait E_010522A0;
    %load/v 8, v0108CD28_0, 1;
    %inv 8, 1;
    %jmp/0xz  T_8.0, 8;
    %ix/load 0, 8, 0;
    %assign/v0 v0108CD80_0, 0, 0;
    %jmp T_8.1;
T_8.0 ;
    %load/v 8, v0108D2A8_0, 1;
    %jmp/0xz  T_8.2, 8;
    %load/v 8, v0108CBC8_0, 8;
    %ix/load 0, 8, 0;
    %assign/v0 v0108CD80_0, 0, 8;
    %jmp T_8.3;
T_8.2 ;
    %load/v 8, v0108C908_0, 1;
    %jmp/0xz  T_8.4, 8;
    %load/v 8, v0108CD80_0, 8;
    %mov 16, 0, 24;
    %addi 8, 1, 32;
    %ix/load 0, 8, 0;
    %assign/v0 v0108CD80_0, 0, 8;
T_8.4 ;
T_8.3 ;
T_8.1 ;
    %jmp T_8;
    .thread T_8;
    .scope S_0102D568;
T_9 ;
    %wait E_01052300;
    %load/v 8, v0108C350_0, 4;
    %cmpi/u 8, 0, 4;
    %jmp/1 T_9.0, 6;
    %cmpi/u 8, 1, 4;
    %jmp/1 T_9.1, 6;
    %cmpi/u 8, 2, 4;
    %jmp/1 T_9.2, 6;
    %cmpi/u 8, 3, 4;
    %jmp/1 T_9.3, 6;
    %cmpi/u 8, 4, 4;
    %jmp/1 T_9.4, 6;
    %set/v v0108AD70_0, 0, 8;
    %jmp T_9.6;
T_9.0 ;
    %set/v v0108AD70_0, 0, 8;
    %jmp T_9.6;
T_9.1 ;
    %load/v 8, v0108C400_0, 8;
    %load/v 16, v0108C560_0, 8;
    %add 8, 16, 8;
    %set/v v0108AD70_0, 8, 8;
    %jmp T_9.6;
T_9.2 ;
    %load/v 8, v0108C400_0, 8;
    %load/v 16, v0108C560_0, 8;
    %sub 8, 16, 8;
    %set/v v0108AD70_0, 8, 8;
    %jmp T_9.6;
T_9.3 ;
    %load/v 8, v0108C400_0, 8;
    %load/v 16, v0108C560_0, 8;
    %and 8, 16, 8;
    %set/v v0108AD70_0, 8, 8;
    %jmp T_9.6;
T_9.4 ;
    %load/v 8, v0108C560_0, 8;
    %inv 8, 8;
    %set/v v0108AD70_0, 8, 8;
    %jmp T_9.6;
T_9.6 ;
    %jmp T_9;
    .thread T_9, $push;
    .scope S_0102D898;
T_10 ;
    %wait E_010522A0;
    %load/v 8, v0108A8F8_0, 1;
    %inv 8, 1;
    %jmp/0xz  T_10.0, 8;
    %ix/load 0, 4, 0;
    %assign/v0 v0108AB08_0, 0, 0;
    %jmp T_10.1;
T_10.0 ;
    %load/v 8, v0108ABB8_0, 4;
    %ix/load 0, 4, 0;
    %assign/v0 v0108AB08_0, 0, 8;
T_10.1 ;
    %jmp T_10;
    .thread T_10;
    .scope S_0102D898;
T_11 ;
    %wait E_01052260;
    %set/v v0108B030_0, 0, 1;
    %set/v v0108B030_0, 0, 1;
    %set/v v0108B030_0, 0, 1;
    %set/v v0108B030_0, 0, 1;
    %set/v v0108B030_0, 0, 1;
    %set/v v0108B138_0, 0, 1;
    %set/v v0108AD18_0, 0, 1;
    %set/v v0108AED0_0, 0, 1;
    %set/v v0108AA00_0, 0, 1;
    %set/v v0108AE78_0, 0, 1;
    %set/v v0108AA58_0, 0, 1;
    %set/v v0108AF28_0, 0, 1;
    %set/v v0108B298_0, 0, 1;
    %set/v v0108B1E8_0, 0, 1;
    %set/v v0108AE20_0, 0, 1;
    %set/v v0108AC10_0, 0, 1;
    %set/v v0108B190_0, 0, 1;
    %set/v v0108AF80_0, 0, 1;
    %set/v v0108B088_0, 0, 1;
    %set/v v0108A8A0_0, 0, 1;
    %load/v 8, v0108AB08_0, 4;
    %set/v v0108ABB8_0, 8, 4;
    %load/v 8, v0108AB08_0, 4;
    %cmpi/u 8, 0, 4;
    %jmp/1 T_11.0, 6;
    %cmpi/u 8, 1, 4;
    %jmp/1 T_11.1, 6;
    %cmpi/u 8, 2, 4;
    %jmp/1 T_11.2, 6;
    %cmpi/u 8, 3, 4;
    %jmp/1 T_11.3, 6;
    %cmpi/u 8, 4, 4;
    %jmp/1 T_11.4, 6;
    %cmpi/u 8, 5, 4;
    %jmp/1 T_11.5, 6;
    %cmpi/u 8, 7, 4;
    %jmp/1 T_11.6, 6;
    %cmpi/u 8, 6, 4;
    %jmp/1 T_11.7, 6;
    %cmpi/u 8, 8, 4;
    %jmp/1 T_11.8, 6;
    %cmpi/u 8, 9, 4;
    %jmp/1 T_11.9, 6;
    %cmpi/u 8, 10, 4;
    %jmp/1 T_11.10, 6;
    %cmpi/u 8, 11, 4;
    %jmp/1 T_11.11, 6;
    %set/v v0108ABB8_0, 0, 4;
    %jmp T_11.13;
T_11.0 ;
    %movi 8, 1, 4;
    %set/v v0108ABB8_0, 8, 4;
    %jmp T_11.13;
T_11.1 ;
    %movi 8, 2, 4;
    %set/v v0108ABB8_0, 8, 4;
    %set/v v0108ACC0_0, 1, 1;
    %set/v v0108AC10_0, 1, 1;
    %set/v v0108AF28_0, 1, 1;
    %jmp T_11.13;
T_11.2 ;
    %movi 8, 3, 4;
    %set/v v0108ABB8_0, 8, 4;
    %set/v v0108AF80_0, 1, 1;
    %set/v v0108AA58_0, 1, 1;
    %set/v v0108AE20_0, 1, 1;
    %jmp T_11.13;
T_11.3 ;
    %load/v 8, v0108AAB0_0, 4;
    %cmpi/u 8, 0, 4;
    %jmp/1 T_11.14, 6;
    %cmpi/u 8, 1, 4;
    %jmp/1 T_11.15, 6;
    %cmpi/u 8, 2, 4;
    %jmp/1 T_11.16, 6;
    %cmpi/u 8, 3, 4;
    %jmp/1 T_11.17, 6;
    %cmpi/u 8, 4, 4;
    %jmp/1 T_11.18, 6;
    %cmpi/u 8, 5, 4;
    %jmp/1 T_11.19, 6;
    %cmpi/u 8, 6, 4;
    %jmp/1 T_11.20, 6;
    %cmpi/u 8, 7, 4;
    %jmp/1 T_11.21, 6;
    %cmpi/u 8, 8, 4;
    %jmp/1 T_11.22, 6;
    %movi 8, 11, 5;
    %set/v v0108ABB8_0, 8, 4;
    %jmp T_11.24;
T_11.14 ;
    %movi 8, 1, 4;
    %set/v v0108ABB8_0, 8, 4;
    %jmp T_11.24;
T_11.15 ;
    %movi 8, 4, 4;
    %set/v v0108ABB8_0, 8, 4;
    %set/v v0108AC10_0, 1, 1;
    %set/v v0108B298_0, 1, 1;
    %load/v 8, v0108B2F0_0, 2;
    %cmpi/u 8, 0, 2;
    %jmp/1 T_11.25, 6;
    %cmpi/u 8, 1, 2;
    %jmp/1 T_11.26, 6;
    %cmpi/u 8, 2, 2;
    %jmp/1 T_11.27, 6;
    %cmpi/u 8, 3, 2;
    %jmp/1 T_11.28, 6;
    %set/v v0108A8A0_0, 1, 1;
    %jmp T_11.30;
T_11.25 ;
    %set/v v0108B030_0, 1, 1;
    %jmp T_11.30;
T_11.26 ;
    %set/v v0108B240_0, 1, 1;
    %jmp T_11.30;
T_11.27 ;
    %set/v v0108A9A8_0, 1, 1;
    %jmp T_11.30;
T_11.28 ;
    %set/v v0108A950_0, 1, 1;
    %jmp T_11.30;
T_11.30 ;
    %jmp T_11.24;
T_11.16 ;
    %movi 8, 4, 4;
    %set/v v0108ABB8_0, 8, 4;
    %set/v v0108AC10_0, 1, 1;
    %set/v v0108B298_0, 1, 1;
    %load/v 8, v0108B2F0_0, 2;
    %cmpi/u 8, 0, 2;
    %jmp/1 T_11.31, 6;
    %cmpi/u 8, 1, 2;
    %jmp/1 T_11.32, 6;
    %cmpi/u 8, 2, 2;
    %jmp/1 T_11.33, 6;
    %cmpi/u 8, 3, 2;
    %jmp/1 T_11.34, 6;
    %set/v v0108A8A0_0, 1, 1;
    %jmp T_11.36;
T_11.31 ;
    %set/v v0108B030_0, 1, 1;
    %jmp T_11.36;
T_11.32 ;
    %set/v v0108B240_0, 1, 1;
    %jmp T_11.36;
T_11.33 ;
    %set/v v0108A9A8_0, 1, 1;
    %jmp T_11.36;
T_11.34 ;
    %set/v v0108A950_0, 1, 1;
    %jmp T_11.36;
T_11.36 ;
    %jmp T_11.24;
T_11.17 ;
    %movi 8, 4, 4;
    %set/v v0108ABB8_0, 8, 4;
    %set/v v0108AC10_0, 1, 1;
    %set/v v0108B298_0, 1, 1;
    %load/v 8, v0108B2F0_0, 2;
    %cmpi/u 8, 0, 2;
    %jmp/1 T_11.37, 6;
    %cmpi/u 8, 1, 2;
    %jmp/1 T_11.38, 6;
    %cmpi/u 8, 2, 2;
    %jmp/1 T_11.39, 6;
    %cmpi/u 8, 3, 2;
    %jmp/1 T_11.40, 6;
    %set/v v0108A8A0_0, 1, 1;
    %jmp T_11.42;
T_11.37 ;
    %set/v v0108B030_0, 1, 1;
    %jmp T_11.42;
T_11.38 ;
    %set/v v0108B240_0, 1, 1;
    %jmp T_11.42;
T_11.39 ;
    %set/v v0108A9A8_0, 1, 1;
    %jmp T_11.42;
T_11.40 ;
    %set/v v0108A950_0, 1, 1;
    %jmp T_11.42;
T_11.42 ;
    %jmp T_11.24;
T_11.18 ;
    %movi 8, 1, 4;
    %set/v v0108ABB8_0, 8, 4;
    %set/v v0108B1E8_0, 1, 1;
    %set/v v0108AC10_0, 1, 1;
    %set/v v0108B190_0, 1, 1;
    %load/v 8, v0108B2F0_0, 2;
    %cmpi/u 8, 0, 2;
    %jmp/1 T_11.43, 6;
    %cmpi/u 8, 1, 2;
    %jmp/1 T_11.44, 6;
    %cmpi/u 8, 2, 2;
    %jmp/1 T_11.45, 6;
    %cmpi/u 8, 3, 2;
    %jmp/1 T_11.46, 6;
    %set/v v0108A8A0_0, 1, 1;
    %jmp T_11.48;
T_11.43 ;
    %set/v v0108B030_0, 1, 1;
    %jmp T_11.48;
T_11.44 ;
    %set/v v0108B240_0, 1, 1;
    %jmp T_11.48;
T_11.45 ;
    %set/v v0108A9A8_0, 1, 1;
    %jmp T_11.48;
T_11.46 ;
    %set/v v0108A950_0, 1, 1;
    %jmp T_11.48;
T_11.48 ;
    %load/v 8, v0108AB60_0, 2;
    %cmpi/u 8, 0, 2;
    %jmp/1 T_11.49, 6;
    %cmpi/u 8, 1, 2;
    %jmp/1 T_11.50, 6;
    %cmpi/u 8, 2, 2;
    %jmp/1 T_11.51, 6;
    %cmpi/u 8, 3, 2;
    %jmp/1 T_11.52, 6;
    %set/v v0108A8A0_0, 1, 1;
    %jmp T_11.54;
T_11.49 ;
    %set/v v0108B138_0, 1, 1;
    %jmp T_11.54;
T_11.50 ;
    %set/v v0108AD18_0, 1, 1;
    %jmp T_11.54;
T_11.51 ;
    %set/v v0108AED0_0, 1, 1;
    %jmp T_11.54;
T_11.52 ;
    %set/v v0108AA00_0, 1, 1;
    %jmp T_11.54;
T_11.54 ;
    %jmp T_11.24;
T_11.19 ;
    %movi 8, 5, 4;
    %set/v v0108ABB8_0, 8, 4;
    %set/v v0108ACC0_0, 1, 1;
    %set/v v0108AC10_0, 1, 1;
    %set/v v0108AF28_0, 1, 1;
    %jmp T_11.24;
T_11.20 ;
    %movi 8, 7, 4;
    %set/v v0108ABB8_0, 8, 4;
    %set/v v0108ACC0_0, 1, 1;
    %set/v v0108AC10_0, 1, 1;
    %set/v v0108AF28_0, 1, 1;
    %jmp T_11.24;
T_11.21 ;
    %movi 8, 9, 5;
    %set/v v0108ABB8_0, 8, 4;
    %set/v v0108ACC0_0, 1, 1;
    %set/v v0108AC10_0, 1, 1;
    %set/v v0108AF28_0, 1, 1;
    %jmp T_11.24;
T_11.22 ;
    %load/v 8, v0108AC68_0, 1;
    %mov 9, 0, 2;
    %cmpi/u 8, 1, 3;
    %jmp/0xz  T_11.55, 4;
    %movi 8, 9, 5;
    %set/v v0108ABB8_0, 8, 4;
    %set/v v0108ACC0_0, 1, 1;
    %set/v v0108AC10_0, 1, 1;
    %set/v v0108AF28_0, 1, 1;
    %jmp T_11.56;
T_11.55 ;
    %movi 8, 1, 4;
    %set/v v0108ABB8_0, 8, 4;
    %set/v v0108AE20_0, 1, 1;
T_11.56 ;
    %jmp T_11.24;
T_11.24 ;
    %jmp T_11.13;
T_11.4 ;
    %movi 8, 1, 4;
    %set/v v0108ABB8_0, 8, 4;
    %set/v v0108B1E8_0, 1, 1;
    %set/v v0108B190_0, 1, 1;
    %load/v 8, v0108AB60_0, 2;
    %cmpi/u 8, 0, 2;
    %jmp/1 T_11.57, 6;
    %cmpi/u 8, 1, 2;
    %jmp/1 T_11.58, 6;
    %cmpi/u 8, 2, 2;
    %jmp/1 T_11.59, 6;
    %cmpi/u 8, 3, 2;
    %jmp/1 T_11.60, 6;
    %set/v v0108A8A0_0, 1, 1;
    %jmp T_11.62;
T_11.57 ;
    %set/v v0108B030_0, 1, 1;
    %set/v v0108B138_0, 1, 1;
    %jmp T_11.62;
T_11.58 ;
    %set/v v0108B240_0, 1, 1;
    %set/v v0108AD18_0, 1, 1;
    %jmp T_11.62;
T_11.59 ;
    %set/v v0108A9A8_0, 1, 1;
    %set/v v0108AED0_0, 1, 1;
    %jmp T_11.62;
T_11.60 ;
    %set/v v0108A950_0, 1, 1;
    %set/v v0108AA00_0, 1, 1;
    %jmp T_11.62;
T_11.62 ;
    %jmp T_11.13;
T_11.5 ;
    %movi 8, 6, 4;
    %set/v v0108ABB8_0, 8, 4;
    %set/v v0108AF80_0, 1, 1;
    %set/v v0108AF28_0, 1, 1;
    %set/v v0108AE20_0, 1, 1;
    %jmp T_11.13;
T_11.6 ;
    %movi 8, 8, 5;
    %set/v v0108ABB8_0, 8, 4;
    %set/v v0108AF80_0, 1, 1;
    %set/v v0108AF28_0, 1, 1;
    %set/v v0108AE20_0, 1, 1;
    %jmp T_11.13;
T_11.7 ;
    %movi 8, 1, 4;
    %set/v v0108ABB8_0, 8, 4;
    %set/v v0108AF80_0, 1, 1;
    %load/v 8, v0108AB60_0, 2;
    %cmpi/u 8, 0, 2;
    %jmp/1 T_11.63, 6;
    %cmpi/u 8, 1, 2;
    %jmp/1 T_11.64, 6;
    %cmpi/u 8, 2, 2;
    %jmp/1 T_11.65, 6;
    %cmpi/u 8, 3, 2;
    %jmp/1 T_11.66, 6;
    %set/v v0108A8A0_0, 1, 1;
    %jmp T_11.68;
T_11.63 ;
    %set/v v0108B138_0, 1, 1;
    %jmp T_11.68;
T_11.64 ;
    %set/v v0108AD18_0, 1, 1;
    %jmp T_11.68;
T_11.65 ;
    %set/v v0108AED0_0, 1, 1;
    %jmp T_11.68;
T_11.66 ;
    %set/v v0108AA00_0, 1, 1;
    %jmp T_11.68;
T_11.68 ;
    %jmp T_11.13;
T_11.8 ;
    %movi 8, 1, 4;
    %set/v v0108ABB8_0, 8, 4;
    %set/v v0108B088_0, 1, 1;
    %load/v 8, v0108B2F0_0, 2;
    %cmpi/u 8, 0, 2;
    %jmp/1 T_11.69, 6;
    %cmpi/u 8, 1, 2;
    %jmp/1 T_11.70, 6;
    %cmpi/u 8, 2, 2;
    %jmp/1 T_11.71, 6;
    %cmpi/u 8, 3, 2;
    %jmp/1 T_11.72, 6;
    %set/v v0108A8A0_0, 1, 1;
    %jmp T_11.74;
T_11.69 ;
    %set/v v0108B030_0, 1, 1;
    %jmp T_11.74;
T_11.70 ;
    %set/v v0108B240_0, 1, 1;
    %jmp T_11.74;
T_11.71 ;
    %set/v v0108A9A8_0, 1, 1;
    %jmp T_11.74;
T_11.72 ;
    %set/v v0108A950_0, 1, 1;
    %jmp T_11.74;
T_11.74 ;
    %jmp T_11.13;
T_11.9 ;
    %movi 8, 10, 5;
    %set/v v0108ABB8_0, 8, 4;
    %set/v v0108AF80_0, 1, 1;
    %set/v v0108AF28_0, 1, 1;
    %jmp T_11.13;
T_11.10 ;
    %movi 8, 1, 4;
    %set/v v0108ABB8_0, 8, 4;
    %set/v v0108AF80_0, 1, 1;
    %set/v v0108AE78_0, 1, 1;
    %jmp T_11.13;
T_11.11 ;
    %movi 8, 11, 5;
    %set/v v0108ABB8_0, 8, 4;
    %jmp T_11.13;
T_11.13 ;
    %jmp T_11;
    .thread T_11, $push;
    .scope S_0102DC50;
T_12 ;
    %wait E_01052180;
    %load/v 8, v0102F818_0, 1;
    %jmp/0xz  T_12.0, 8;
    %load/v 8, v0102F240_0, 8;
    %ix/getv 3, v0102F768_0;
    %jmp/1 t_0, 4;
    %ix/load 0, 8, 0; word width
    %ix/load 1, 0, 0; part off
    %assign/av v0102F7C0, 0, 8;
t_0 ;
T_12.0 ;
    %jmp T_12;
    .thread T_12;
# The file index is used to find the file name in the following table.
:file_names 14;
    "N/A";
    "<interactive>";
    "top.v";
    "./processing_unit.v";
    "./register_unit.v";
    "./dff.v";
    "./address_register.v";
    "./instruction_register.v";
    "./program_counter.v";
    "./mux_5channel.v";
    "./mux_3channel.v";
    "./alu_risc.v";
    "./control_unit.v";
    "./memory_unit.v";
