#! /c/iverilog/bin/vvp
:ivl_version "0.9.7 " "(v0_9_7)";
:vpi_time_precision + 0;
:vpi_module "system";
:vpi_module "v2005_math";
:vpi_module "va_math";
S_01183400 .scope module, "mul2" "mul2" 2 1;
 .timescale 0 0;
v01184350_0 .net *"_s0", 31 0, C4<00000000000000000000000000000010>; 1 drivers
v01184FC0_0 .net *"_s2", 31 0, L_01185178; 1 drivers
v01185018_0 .net *"_s5", 30 0, C4<0000000000000000000000000000000>; 1 drivers
v01185070_0 .net *"_s6", 31 0, L_01185260; 1 drivers
v011850C8_0 .net "a", 0 0, C4<z>; 0 drivers
v01185120_0 .net "y", 0 0, L_01185328; 1 drivers
L_01185178 .concat [ 1 31 0 0], C4<z>, C4<0000000000000000000000000000000>;
L_01185260 .arith/sum 32, C4<00000000000000000000000000000010>, L_01185178;
L_01185328 .part L_01185260, 0, 1;
# The file index is used to find the file name in the following table.
:file_names 3;
    "N/A";
    "<interactive>";
    "mul2.v";
