#! /c/iverilog/bin/vvp
:ivl_version "0.9.7 " "(v0_9_7)";
:vpi_time_precision + 0;
:vpi_module "system";
:vpi_module "v2005_math";
:vpi_module "va_math";
S_00F37F00 .scope module, "pipe_MIPS32" "pipe_MIPS32" 2 1;
 .timescale 0 0;
P_00F3B8D4 .param/l "ADD" 2 14, C4<000000>;
P_00F3B8E8 .param/l "ADDI" 2 14, C4<001010>;
P_00F3B8FC .param/l "AND" 2 14, C4<000010>;
P_00F3B910 .param/l "BEQZ" 2 14, C4<001110>;
P_00F3B924 .param/l "BNEQZ" 2 14, C4<001101>;
P_00F3B938 .param/l "BRANCH" 2 15, C4<100>;
P_00F3B94C .param/l "HALT" 2 15, C4<101>;
P_00F3B960 .param/l "HLT" 2 14, C4<111111>;
P_00F3B974 .param/l "LOAD" 2 15, C4<010>;
P_00F3B988 .param/l "LW" 2 14, C4<001000>;
P_00F3B99C .param/l "MUL" 2 14, C4<000101>;
P_00F3B9B0 .param/l "OR" 2 14, C4<000011>;
P_00F3B9C4 .param/l "RM_ALU" 2 15, C4<001>;
P_00F3B9D8 .param/l "RR_ALU" 2 15, C4<000>;
P_00F3B9EC .param/l "SLT" 2 14, C4<000100>;
P_00F3BA00 .param/l "SLTI" 2 14, C4<001100>;
P_00F3BA14 .param/l "STORE" 2 15, C4<011>;
P_00F3BA28 .param/l "SUB" 2 14, C4<000001>;
P_00F3BA3C .param/l "SUBI" 2 14, C4<001011>;
P_00F3BA50 .param/l "SW" 2 14, C4<001001>;
v00F34AD0_0 .var "EX_MEM_ALUout", 31 0;
v00E2A8A8_0 .var "EX_MEM_B", 31 0;
v00F35358_0 .var "EX_MEM_IR", 31 0;
v00F3BA70_0 .var "EX_MEM_cond", 0 0;
v00F3BAC8_0 .var "EX_MEM_type", 2 0;
v00F3B750_0 .var "HALTED", 0 0;
v00F3B7A8_0 .var "ID_EX_A", 31 0;
v00F333E8_0 .var "ID_EX_B", 31 0;
v00F33440_0 .var "ID_EX_IR", 31 0;
v00F33498_0 .var "ID_EX_Imm", 31 0;
v00E21C88_0 .var "ID_EX_NPC", 31 0;
v00E21CE0_0 .var "ID_EX_type", 2 0;
v00E21D38_0 .var "IF_ID_IR", 31 0;
v00E21D90_0 .var "IF_ID_NPC", 31 0;
v00E21DE8_0 .var "MEM_WB_ALUout", 31 0;
v00E21E40_0 .var "MEM_WB_IR", 31 0;
v00E21E98_0 .var "MEM_WB_LMD", 31 0;
v00E20FF0_0 .var "MEM_WB_type", 2 0;
v00E20910 .array "Mem", 1023 0, 31 0;
v00E20E90_0 .var "PC", 31 0;
v00E21048 .array "Reg", 31 0, 31 0;
v00E20D88_0 .var "TAKEN_BRANCH", 0 0;
v00E20AC8_0 .net "clk1", 0 0, C4<z>; 0 drivers
v00E20B78_0 .net "clk2", 0 0, C4<z>; 0 drivers
E_00F3B660 .event posedge, v00E20AC8_0;
E_00F3A840 .event posedge, v00E20B78_0;
    .scope S_00F37F00;
T_0 ;
    %wait E_00F3B660;
    %load/v 8, v00F3B750_0, 1;
    %cmpi/u 8, 0, 1;
    %jmp/0xz  T_0.0, 4;
    %ix/load 1, 26, 0;
    %mov 4, 0, 1;
    %jmp/1 T_0.2, 4;
    %load/x1p 15, v00F35358_0, 6;
    %jmp T_0.3;
T_0.2 ;
    %mov 15, 2, 6;
T_0.3 ;
    %mov 8, 15, 6; Move signal select into place
    %mov 14, 0, 1;
    %cmpi/u 8, 14, 7;
    %mov 8, 4, 1;
    %load/v 9, v00F3BA70_0, 1;
    %mov 10, 0, 2;
    %cmpi/u 9, 1, 3;
    %mov 9, 4, 1;
    %and 8, 9, 1;
    %ix/load 1, 26, 0;
    %mov 4, 0, 1;
    %jmp/1 T_0.4, 4;
    %load/x1p 16, v00F35358_0, 6;
    %jmp T_0.5;
T_0.4 ;
    %mov 16, 2, 6;
T_0.5 ;
    %mov 9, 16, 6; Move signal select into place
    %mov 15, 0, 1;
    %cmpi/u 9, 13, 7;
    %mov 9, 4, 1;
    %load/v 10, v00F3BA70_0, 1;
    %mov 11, 0, 1;
    %cmpi/u 10, 0, 2;
    %mov 10, 4, 1;
    %and 9, 10, 1;
    %or 8, 9, 1;
    %jmp/0xz  T_0.6, 8;
    %ix/getv 3, v00F34AD0_0;
    %load/av 8, v00E20910, 32;
    %ix/load 0, 32, 0;
    %assign/v0 v00E21D38_0, 2, 8;
    %ix/load 0, 1, 0;
    %assign/v0 v00E20D88_0, 2, 1;
    %load/v 8, v00F34AD0_0, 32;
    %mov 40, 0, 1;
    %addi 8, 1, 33;
    %ix/load 0, 32, 0;
    %assign/v0 v00E21D90_0, 2, 8;
    %load/v 8, v00F34AD0_0, 32;
    %mov 40, 0, 1;
    %addi 8, 1, 33;
    %ix/load 0, 32, 0;
    %assign/v0 v00E20E90_0, 2, 8;
    %jmp T_0.7;
T_0.6 ;
    %ix/getv 3, v00E20E90_0;
    %load/av 8, v00E20910, 32;
    %ix/load 0, 32, 0;
    %assign/v0 v00E21D38_0, 2, 8;
    %load/v 8, v00E20E90_0, 32;
    %mov 40, 0, 1;
    %addi 8, 1, 33;
    %ix/load 0, 32, 0;
    %assign/v0 v00E21D90_0, 2, 8;
    %load/v 8, v00E20E90_0, 32;
    %mov 40, 0, 1;
    %addi 8, 1, 33;
    %ix/load 0, 32, 0;
    %assign/v0 v00E20E90_0, 2, 8;
T_0.7 ;
T_0.0 ;
    %jmp T_0;
    .thread T_0;
    .scope S_00F37F00;
T_1 ;
    %wait E_00F3A840;
    %load/v 8, v00F3B750_0, 1;
    %mov 9, 0, 1;
    %cmpi/u 8, 0, 2;
    %jmp/0xz  T_1.0, 4;
    %ix/load 1, 21, 0;
    %mov 4, 0, 1;
    %jmp/1 T_1.2, 4;
    %load/x1p 8, v00E21D38_0, 5;
    %jmp T_1.3;
T_1.2 ;
    %mov 8, 2, 5;
T_1.3 ;
; Save base=8 wid=5 in lookaside.
    %cmpi/u 8, 0, 5;
    %jmp/0xz  T_1.4, 4;
    %ix/load 0, 32, 0;
    %assign/v0 v00F3B7A8_0, 0, 0;
    %jmp T_1.5;
T_1.4 ;
    %ix/load 1, 21, 0;
    %mov 4, 0, 1;
    %jmp/1 T_1.6, 4;
    %load/x1p 40, v00E21D38_0, 5;
    %jmp T_1.7;
T_1.6 ;
    %mov 40, 2, 5;
T_1.7 ;
; Save base=40 wid=5 in lookaside.
    %ix/get 3, 40, 5;
    %load/av 8, v00E21048, 32;
    %ix/load 0, 32, 0;
    %assign/v0 v00F3B7A8_0, 2, 8;
T_1.5 ;
    %ix/load 1, 16, 0;
    %mov 4, 0, 1;
    %jmp/1 T_1.8, 4;
    %load/x1p 8, v00E21D38_0, 5;
    %jmp T_1.9;
T_1.8 ;
    %mov 8, 2, 5;
T_1.9 ;
; Save base=8 wid=5 in lookaside.
    %cmpi/u 8, 0, 5;
    %jmp/0xz  T_1.10, 4;
    %ix/load 0, 32, 0;
    %assign/v0 v00F333E8_0, 0, 0;
    %jmp T_1.11;
T_1.10 ;
    %ix/load 1, 16, 0;
    %mov 4, 0, 1;
    %jmp/1 T_1.12, 4;
    %load/x1p 40, v00E21D38_0, 5;
    %jmp T_1.13;
T_1.12 ;
    %mov 40, 2, 5;
T_1.13 ;
; Save base=40 wid=5 in lookaside.
    %ix/get 3, 40, 5;
    %load/av 8, v00E21048, 32;
    %ix/load 0, 32, 0;
    %assign/v0 v00F333E8_0, 2, 8;
T_1.11 ;
    %load/v 8, v00E21D90_0, 32;
    %ix/load 0, 32, 0;
    %assign/v0 v00E21C88_0, 2, 8;
    %load/v 8, v00E21D38_0, 32;
    %ix/load 0, 32, 0;
    %assign/v0 v00F33440_0, 2, 8;
    %load/v 40, v00E21D38_0, 16; Select 16 out of 32 bits
    %mov 8, 40, 16;
    %ix/load 1, 15, 0;
    %mov 4, 0, 1;
    %jmp/1 T_1.14, 4;
    %load/x1p 56, v00E21D38_0, 1;
    %jmp T_1.15;
T_1.14 ;
    %mov 56, 2, 1;
T_1.15 ;
    %mov 40, 56, 1; Move signal select into place
    %mov 55, 40, 1; Repetition 16
    %mov 54, 40, 1; Repetition 15
    %mov 53, 40, 1; Repetition 14
    %mov 52, 40, 1; Repetition 13
    %mov 51, 40, 1; Repetition 12
    %mov 50, 40, 1; Repetition 11
    %mov 49, 40, 1; Repetition 10
    %mov 48, 40, 1; Repetition 9
    %mov 47, 40, 1; Repetition 8
    %mov 46, 40, 1; Repetition 7
    %mov 45, 40, 1; Repetition 6
    %mov 44, 40, 1; Repetition 5
    %mov 43, 40, 1; Repetition 4
    %mov 42, 40, 1; Repetition 3
    %mov 41, 40, 1; Repetition 2
    %mov 24, 40, 16;
    %ix/load 0, 32, 0;
    %assign/v0 v00F33498_0, 2, 8;
    %ix/load 1, 26, 0;
    %mov 4, 0, 1;
    %jmp/1 T_1.16, 4;
    %load/x1p 8, v00E21D38_0, 6;
    %jmp T_1.17;
T_1.16 ;
    %mov 8, 2, 6;
T_1.17 ;
; Save base=8 wid=6 in lookaside.
    %cmpi/u 8, 0, 6;
    %jmp/1 T_1.18, 6;
    %cmpi/u 8, 1, 6;
    %jmp/1 T_1.19, 6;
    %cmpi/u 8, 2, 6;
    %jmp/1 T_1.20, 6;
    %cmpi/u 8, 3, 6;
    %jmp/1 T_1.21, 6;
    %cmpi/u 8, 4, 6;
    %jmp/1 T_1.22, 6;
    %cmpi/u 8, 5, 6;
    %jmp/1 T_1.23, 6;
    %cmpi/u 8, 10, 6;
    %jmp/1 T_1.24, 6;
    %cmpi/u 8, 11, 6;
    %jmp/1 T_1.25, 6;
    %cmpi/u 8, 12, 6;
    %jmp/1 T_1.26, 6;
    %cmpi/u 8, 8, 6;
    %jmp/1 T_1.27, 6;
    %cmpi/u 8, 9, 6;
    %jmp/1 T_1.28, 6;
    %cmpi/u 8, 13, 6;
    %jmp/1 T_1.29, 6;
    %cmpi/u 8, 14, 6;
    %jmp/1 T_1.30, 6;
    %cmpi/u 8, 63, 6;
    %jmp/1 T_1.31, 6;
    %movi 8, 5, 3;
    %ix/load 0, 3, 0;
    %assign/v0 v00E21CE0_0, 2, 8;
    %jmp T_1.33;
T_1.18 ;
    %ix/load 0, 3, 0;
    %assign/v0 v00E21CE0_0, 2, 0;
    %jmp T_1.33;
T_1.19 ;
    %ix/load 0, 3, 0;
    %assign/v0 v00E21CE0_0, 2, 0;
    %jmp T_1.33;
T_1.20 ;
    %ix/load 0, 3, 0;
    %assign/v0 v00E21CE0_0, 2, 0;
    %jmp T_1.33;
T_1.21 ;
    %ix/load 0, 3, 0;
    %assign/v0 v00E21CE0_0, 2, 0;
    %jmp T_1.33;
T_1.22 ;
    %ix/load 0, 3, 0;
    %assign/v0 v00E21CE0_0, 2, 0;
    %jmp T_1.33;
T_1.23 ;
    %ix/load 0, 3, 0;
    %assign/v0 v00E21CE0_0, 2, 0;
    %jmp T_1.33;
T_1.24 ;
    %movi 8, 1, 3;
    %ix/load 0, 3, 0;
    %assign/v0 v00E21CE0_0, 2, 8;
    %jmp T_1.33;
T_1.25 ;
    %movi 8, 1, 3;
    %ix/load 0, 3, 0;
    %assign/v0 v00E21CE0_0, 2, 8;
    %jmp T_1.33;
T_1.26 ;
    %movi 8, 1, 3;
    %ix/load 0, 3, 0;
    %assign/v0 v00E21CE0_0, 2, 8;
    %jmp T_1.33;
T_1.27 ;
    %movi 8, 2, 3;
    %ix/load 0, 3, 0;
    %assign/v0 v00E21CE0_0, 2, 8;
    %jmp T_1.33;
T_1.28 ;
    %movi 8, 3, 3;
    %ix/load 0, 3, 0;
    %assign/v0 v00E21CE0_0, 2, 8;
    %jmp T_1.33;
T_1.29 ;
    %movi 8, 4, 3;
    %ix/load 0, 3, 0;
    %assign/v0 v00E21CE0_0, 2, 8;
    %jmp T_1.33;
T_1.30 ;
    %movi 8, 4, 3;
    %ix/load 0, 3, 0;
    %assign/v0 v00E21CE0_0, 2, 8;
    %jmp T_1.33;
T_1.31 ;
    %movi 8, 5, 3;
    %ix/load 0, 3, 0;
    %assign/v0 v00E21CE0_0, 2, 8;
    %jmp T_1.33;
T_1.33 ;
T_1.0 ;
    %jmp T_1;
    .thread T_1;
    .scope S_00F37F00;
T_2 ;
    %wait E_00F3B660;
    %load/v 8, v00F3B750_0, 1;
    %mov 9, 0, 1;
    %cmpi/u 8, 0, 2;
    %jmp/0xz  T_2.0, 4;
    %load/v 8, v00E21CE0_0, 3;
    %ix/load 0, 3, 0;
    %assign/v0 v00F3BAC8_0, 2, 8;
    %load/v 8, v00F33440_0, 32;
    %ix/load 0, 32, 0;
    %assign/v0 v00F35358_0, 2, 8;
    %ix/load 0, 1, 0;
    %assign/v0 v00E20D88_0, 2, 0;
    %load/v 8, v00E21CE0_0, 3;
    %cmpi/u 8, 0, 3;
    %jmp/1 T_2.2, 6;
    %cmpi/u 8, 1, 3;
    %jmp/1 T_2.3, 6;
    %cmpi/u 8, 2, 3;
    %jmp/1 T_2.4, 6;
    %cmpi/u 8, 3, 3;
    %jmp/1 T_2.5, 6;
    %cmpi/u 8, 4, 3;
    %jmp/1 T_2.6, 6;
    %jmp T_2.7;
T_2.2 ;
    %ix/load 1, 26, 0;
    %mov 4, 0, 1;
    %jmp/1 T_2.8, 4;
    %load/x1p 8, v00F33440_0, 6;
    %jmp T_2.9;
T_2.8 ;
    %mov 8, 2, 6;
T_2.9 ;
; Save base=8 wid=6 in lookaside.
    %cmpi/u 8, 0, 6;
    %jmp/1 T_2.10, 6;
    %cmpi/u 8, 1, 6;
    %jmp/1 T_2.11, 6;
    %cmpi/u 8, 2, 6;
    %jmp/1 T_2.12, 6;
    %cmpi/u 8, 3, 6;
    %jmp/1 T_2.13, 6;
    %cmpi/u 8, 4, 6;
    %jmp/1 T_2.14, 6;
    %cmpi/u 8, 5, 6;
    %jmp/1 T_2.15, 6;
    %ix/load 0, 32, 0;
    %assign/v0 v00F34AD0_0, 32, 2;
    %jmp T_2.17;
T_2.10 ;
    %load/v 8, v00F3B7A8_0, 32;
    %load/v 40, v00F333E8_0, 32;
    %add 8, 40, 32;
    %ix/load 0, 32, 0;
    %assign/v0 v00F34AD0_0, 2, 8;
    %jmp T_2.17;
T_2.11 ;
    %load/v 8, v00F3B7A8_0, 32;
    %load/v 40, v00F333E8_0, 32;
    %sub 8, 40, 32;
    %ix/load 0, 32, 0;
    %assign/v0 v00F34AD0_0, 2, 8;
    %jmp T_2.17;
T_2.12 ;
    %load/v 8, v00F3B7A8_0, 32;
    %load/v 40, v00F333E8_0, 32;
    %and 8, 40, 32;
    %ix/load 0, 32, 0;
    %assign/v0 v00F34AD0_0, 2, 8;
    %jmp T_2.17;
T_2.13 ;
    %load/v 8, v00F3B7A8_0, 32;
    %load/v 40, v00F333E8_0, 32;
    %or 8, 40, 32;
    %ix/load 0, 32, 0;
    %assign/v0 v00F34AD0_0, 2, 8;
    %jmp T_2.17;
T_2.14 ;
    %load/v 40, v00F3B7A8_0, 32;
    %load/v 72, v00F333E8_0, 32;
    %cmp/u 40, 72, 32;
    %mov 40, 5, 1;
    %mov 8, 40, 1;
    %mov 9, 0, 31;
    %ix/load 0, 32, 0;
    %assign/v0 v00F34AD0_0, 2, 8;
    %jmp T_2.17;
T_2.15 ;
    %load/v 8, v00F3B7A8_0, 32;
    %load/v 40, v00F333E8_0, 32;
    %mul 8, 40, 32;
    %ix/load 0, 32, 0;
    %assign/v0 v00F34AD0_0, 2, 8;
    %jmp T_2.17;
T_2.17 ;
    %jmp T_2.7;
T_2.3 ;
    %ix/load 1, 26, 0;
    %mov 4, 0, 1;
    %jmp/1 T_2.18, 4;
    %load/x1p 8, v00F33440_0, 6;
    %jmp T_2.19;
T_2.18 ;
    %mov 8, 2, 6;
T_2.19 ;
; Save base=8 wid=6 in lookaside.
    %cmpi/u 8, 10, 6;
    %jmp/1 T_2.20, 6;
    %cmpi/u 8, 11, 6;
    %jmp/1 T_2.21, 6;
    %cmpi/u 8, 12, 6;
    %jmp/1 T_2.22, 6;
    %ix/load 0, 32, 0;
    %assign/v0 v00F34AD0_0, 2, 2;
    %jmp T_2.24;
T_2.20 ;
    %load/v 8, v00F3B7A8_0, 32;
    %load/v 40, v00F33498_0, 32;
    %add 8, 40, 32;
    %ix/load 0, 32, 0;
    %assign/v0 v00F34AD0_0, 2, 8;
    %jmp T_2.24;
T_2.21 ;
    %load/v 8, v00F3B7A8_0, 32;
    %load/v 40, v00F33498_0, 32;
    %sub 8, 40, 32;
    %ix/load 0, 32, 0;
    %assign/v0 v00F34AD0_0, 2, 8;
    %jmp T_2.24;
T_2.22 ;
    %load/v 40, v00F3B7A8_0, 32;
    %load/v 72, v00F33498_0, 32;
    %cmp/u 40, 72, 32;
    %mov 40, 5, 1;
    %mov 8, 40, 1;
    %mov 9, 0, 31;
    %ix/load 0, 32, 0;
    %assign/v0 v00F34AD0_0, 2, 8;
    %jmp T_2.24;
T_2.24 ;
    %jmp T_2.7;
T_2.4 ;
    %load/v 8, v00F3B7A8_0, 32;
    %load/v 40, v00F33498_0, 32;
    %add 8, 40, 32;
    %ix/load 0, 32, 0;
    %assign/v0 v00F34AD0_0, 2, 8;
    %load/v 8, v00F333E8_0, 32;
    %ix/load 0, 32, 0;
    %assign/v0 v00E2A8A8_0, 2, 8;
    %jmp T_2.7;
T_2.5 ;
    %load/v 8, v00F3B7A8_0, 32;
    %load/v 40, v00F33498_0, 32;
    %add 8, 40, 32;
    %ix/load 0, 32, 0;
    %assign/v0 v00F34AD0_0, 2, 8;
    %load/v 8, v00F333E8_0, 32;
    %ix/load 0, 32, 0;
    %assign/v0 v00E2A8A8_0, 2, 8;
    %jmp T_2.7;
T_2.6 ;
    %load/v 8, v00E21C88_0, 32;
    %load/v 40, v00F33498_0, 32;
    %add 8, 40, 32;
    %ix/load 0, 32, 0;
    %assign/v0 v00F34AD0_0, 2, 8;
    %load/v 8, v00F3B7A8_0, 32;
    %cmpi/u 8, 0, 32;
    %mov 8, 4, 1;
    %ix/load 0, 1, 0;
    %assign/v0 v00F3BA70_0, 2, 8;
    %jmp T_2.7;
T_2.7 ;
T_2.0 ;
    %jmp T_2;
    .thread T_2;
    .scope S_00F37F00;
T_3 ;
    %wait E_00F3A840;
    %load/v 8, v00F3B750_0, 1;
    %mov 9, 0, 1;
    %cmpi/u 8, 0, 2;
    %jmp/0xz  T_3.0, 4;
    %load/v 8, v00F3BAC8_0, 3;
    %ix/load 0, 3, 0;
    %assign/v0 v00E20FF0_0, 2, 8;
    %load/v 8, v00F35358_0, 32;
    %ix/load 0, 32, 0;
    %assign/v0 v00E21E40_0, 2, 8;
    %load/v 8, v00F3BAC8_0, 3;
    %cmpi/u 8, 0, 3;
    %jmp/1 T_3.2, 6;
    %cmpi/u 8, 1, 3;
    %jmp/1 T_3.3, 6;
    %cmpi/u 8, 2, 3;
    %jmp/1 T_3.4, 6;
    %cmpi/u 8, 3, 3;
    %jmp/1 T_3.5, 6;
    %jmp T_3.6;
T_3.2 ;
    %load/v 8, v00F34AD0_0, 32;
    %ix/load 0, 32, 0;
    %assign/v0 v00E21DE8_0, 2, 8;
    %jmp T_3.6;
T_3.3 ;
    %load/v 8, v00F34AD0_0, 32;
    %ix/load 0, 32, 0;
    %assign/v0 v00E21DE8_0, 2, 8;
    %jmp T_3.6;
T_3.4 ;
    %ix/getv 3, v00F34AD0_0;
    %load/av 8, v00E20910, 32;
    %ix/load 0, 32, 0;
    %assign/v0 v00E21E98_0, 2, 8;
    %jmp T_3.6;
T_3.5 ;
    %load/v 8, v00E20D88_0, 1;
    %mov 9, 0, 1;
    %cmpi/u 8, 0, 2;
    %jmp/0xz  T_3.7, 4;
    %load/v 8, v00E2A8A8_0, 32;
    %ix/getv 3, v00F34AD0_0;
    %jmp/1 t_0, 4;
    %ix/load 0, 32, 0; word width
    %ix/load 1, 0, 0; part off
    %assign/av v00E20910, 2, 8;
t_0 ;
T_3.7 ;
    %jmp T_3.6;
T_3.6 ;
T_3.0 ;
    %jmp T_3;
    .thread T_3;
    .scope S_00F37F00;
T_4 ;
    %wait E_00F3B660;
    %load/v 8, v00E20D88_0, 1;
    %mov 9, 0, 1;
    %cmpi/u 8, 0, 2;
    %jmp/0xz  T_4.0, 4;
    %load/v 8, v00E20FF0_0, 3;
    %cmpi/u 8, 0, 3;
    %jmp/1 T_4.2, 6;
    %cmpi/u 8, 1, 3;
    %jmp/1 T_4.3, 6;
    %cmpi/u 8, 2, 3;
    %jmp/1 T_4.4, 6;
    %cmpi/u 8, 5, 3;
    %jmp/1 T_4.5, 6;
    %jmp T_4.6;
T_4.2 ;
    %load/v 8, v00E21DE8_0, 32;
    %ix/load 1, 11, 0;
    %mov 4, 0, 1;
    %jmp/1 T_4.7, 4;
    %load/x1p 40, v00E21E40_0, 5;
    %jmp T_4.8;
T_4.7 ;
    %mov 40, 2, 5;
T_4.8 ;
; Save base=40 wid=5 in lookaside.
    %ix/get 3, 40, 5;
    %jmp/1 t_1, 4;
    %ix/load 0, 32, 0; word width
    %ix/load 1, 0, 0; part off
    %assign/av v00E21048, 2, 8;
t_1 ;
    %jmp T_4.6;
T_4.3 ;
    %load/v 8, v00E21DE8_0, 32;
    %ix/load 1, 16, 0;
    %mov 4, 0, 1;
    %jmp/1 T_4.9, 4;
    %load/x1p 40, v00E21E40_0, 5;
    %jmp T_4.10;
T_4.9 ;
    %mov 40, 2, 5;
T_4.10 ;
; Save base=40 wid=5 in lookaside.
    %ix/get 3, 40, 5;
    %jmp/1 t_2, 4;
    %ix/load 0, 32, 0; word width
    %ix/load 1, 0, 0; part off
    %assign/av v00E21048, 2, 8;
t_2 ;
    %jmp T_4.6;
T_4.4 ;
    %load/v 8, v00E21E98_0, 32;
    %ix/load 1, 16, 0;
    %mov 4, 0, 1;
    %jmp/1 T_4.11, 4;
    %load/x1p 40, v00E21E40_0, 5;
    %jmp T_4.12;
T_4.11 ;
    %mov 40, 2, 5;
T_4.12 ;
; Save base=40 wid=5 in lookaside.
    %ix/get 3, 40, 5;
    %jmp/1 t_3, 4;
    %ix/load 0, 32, 0; word width
    %ix/load 1, 0, 0; part off
    %assign/av v00E21048, 2, 8;
t_3 ;
    %jmp T_4.6;
T_4.5 ;
    %ix/load 0, 1, 0;
    %assign/v0 v00F3B750_0, 2, 1;
    %jmp T_4.6;
T_4.6 ;
T_4.0 ;
    %jmp T_4;
    .thread T_4;
# The file index is used to find the file name in the following table.
:file_names 3;
    "N/A";
    "<interactive>";
    "mips.v";
