#! /c/iverilog/bin/vvp
:ivl_version "0.9.7 " "(v0_9_7)";
:vpi_time_precision + 0;
:vpi_module "system";
:vpi_module "v2005_math";
:vpi_module "va_math";
S_00F83AC8 .scope module, "mux21tb" "mux21tb" 2 2;
 .timescale 0 0;
v00F85258_0 .var "a", 0 0;
v00F852B0_0 .var "b", 0 0;
v00F85308_0 .var "sel", 0 0;
v00F8EC70_0 .net "y", 0 0, L_00F8ECC8; 1 drivers
S_00F83B50 .scope module, "m1" "mux21" 2 7, 3 1, S_00F83AC8;
 .timescale 0 0;
v00F83378_0 .net "a", 0 0, v00F85258_0; 1 drivers
v00F833D0_0 .net "b", 0 0, v00F852B0_0; 1 drivers
v00F83428_0 .net "sel", 0 0, v00F85308_0; 1 drivers
v00F85200_0 .alias "y", 0 0, v00F8EC70_0;
L_00F8ECC8 .functor MUXZ 1, v00F85258_0, v00F852B0_0, v00F85308_0, C4<>;
    .scope S_00F83AC8;
T_0 ;
    %vpi_call 2 9 "$dumpfile", "mux21tb.vcd";
    %vpi_call 2 10 "$dumpvars", 1'sb0, S_00F83AC8;
    %set/v v00F85258_0, 1, 1;
    %set/v v00F852B0_0, 0, 1;
    %set/v v00F85308_0, 1, 1;
    %delay 5, 0;
    %set/v v00F85308_0, 0, 1;
    %delay 10, 0;
    %set/v v00F85308_0, 1, 1;
    %delay 5, 0;
    %vpi_call 2 14 "$finish";
    %end;
    .thread T_0;
# The file index is used to find the file name in the following table.
:file_names 4;
    "N/A";
    "<interactive>";
    "mux21tb.v";
    "./mux21.v";
