#! /c/iverilog/bin/vvp
:ivl_version "0.9.7 " "(v0_9_7)";
:vpi_time_precision + 0;
:vpi_module "system";
:vpi_module "v2005_math";
:vpi_module "va_math";
S_00973EB0 .scope module, "tbmux21" "tbmux21" 2 2;
 .timescale 0 0;
v00AD9D18_0 .var "a", 0 0;
v00AD9D70_0 .var "b", 0 0;
v00ADA348_0 .net "out", 0 0, L_00AD9F80; 1 drivers
v00AD9DC8_0 .var "sel", 0 0;
S_00973F38 .scope module, "mux2to1" "mux21" 2 9, 3 1, S_00973EB0;
 .timescale 0 0;
v00AD9CC0_0 .net "a", 0 0, v00AD9D18_0; 1 drivers
v00ADA298_0 .net "b", 0 0, v00AD9D70_0; 1 drivers
v00ADA088_0 .net "sel", 0 0, v00AD9DC8_0; 1 drivers
v00AD9C68_0 .alias "y", 0 0, v00ADA348_0;
L_00AD9F80 .functor MUXZ 1, v00AD9D18_0, v00AD9D70_0, v00AD9DC8_0, C4<>;
    .scope S_00973EB0;
T_0 ;
    %set/v v00AD9DC8_0, 0, 1;
    %set/v v00AD9D18_0, 1, 1;
    %set/v v00AD9D70_0, 0, 1;
    %delay 1, 0;
    %vpi_call 2 16 "$display", "Test case 1: a=%b, b=%b, sel=%b => out=%b", v00AD9D18_0, v00AD9D70_0, v00AD9DC8_0, v00ADA348_0;
    %load/v 8, v00ADA348_0, 1;
    %load/v 9, v00AD9D18_0, 1;
    %cmp/u 8, 9, 1;
    %inv 4, 1;
    %jmp/0xz  T_0.0, 4;
    %vpi_call 2 17 "$error", "Test case 1 failed";
T_0.0 ;
    %set/v v00AD9DC8_0, 1, 1;
    %set/v v00AD9D18_0, 1, 1;
    %set/v v00AD9D70_0, 0, 1;
    %delay 1, 0;
    %vpi_call 2 22 "$display", "Test case 2: a=%b, b=%b, sel=%b => out=%b", v00AD9D18_0, v00AD9D70_0, v00AD9DC8_0, v00ADA348_0;
    %load/v 8, v00ADA348_0, 1;
    %load/v 9, v00AD9D70_0, 1;
    %cmp/u 8, 9, 1;
    %inv 4, 1;
    %jmp/0xz  T_0.2, 4;
    %vpi_call 2 23 "$error", "Test case 2 failed";
T_0.2 ;
    %set/v v00AD9DC8_0, 0, 1;
    %set/v v00AD9D18_0, 0, 1;
    %set/v v00AD9D70_0, 1, 1;
    %delay 1, 0;
    %vpi_call 2 29 "$display", "Test case 3: a=%b, b=%b, sel=%b => out=%b", v00AD9D18_0, v00AD9D70_0, v00AD9DC8_0, v00ADA348_0;
    %load/v 8, v00ADA348_0, 1;
    %load/v 9, v00AD9D18_0, 1;
    %cmp/u 8, 9, 1;
    %inv 4, 1;
    %jmp/0xz  T_0.4, 4;
    %vpi_call 2 30 "$error", "Test case 3 failed";
T_0.4 ;
    %set/v v00AD9DC8_0, 1, 1;
    %set/v v00AD9D18_0, 0, 1;
    %set/v v00AD9D70_0, 1, 1;
    %delay 1, 0;
    %vpi_call 2 35 "$display", "Test case 4: a=%b, b=%b, sel=%b => out=%b", v00AD9D18_0, v00AD9D70_0, v00AD9DC8_0, v00ADA348_0;
    %load/v 8, v00ADA348_0, 1;
    %load/v 9, v00AD9D70_0, 1;
    %cmp/u 8, 9, 1;
    %inv 4, 1;
    %jmp/0xz  T_0.6, 4;
    %vpi_call 2 36 "$error", "Test case 4 failed";
T_0.6 ;
    %vpi_call 2 39 "$display", "All test cases passed";
    %vpi_call 2 40 "$finish";
    %end;
    .thread T_0;
# The file index is used to find the file name in the following table.
:file_names 4;
    "N/A";
    "<interactive>";
    "tbmux21.v";
    "./mux21.v";
