#! /c/iverilog/bin/vvp
:ivl_version "0.9.7 " "(v0_9_7)";
:vpi_time_precision + 0;
:vpi_module "system";
:vpi_module "v2005_math";
:vpi_module "va_math";
S_011A3400 .scope module, "try" "try" 2 1;
 .timescale 0 0;
v011A3BF8_0 .var "random_number", 31 0;
    .scope S_011A3400;
T_0 ;
    %vpi_func 2 4 "$random", 8, 32;
    %movi 40, 100, 32;
    %mod/s 8, 40, 32;
    %set/v v011A3BF8_0, 8, 32;
    %vpi_call 2 5 "$display", "Random Number: %d", v011A3BF8_0;
    %end;
    .thread T_0;
# The file index is used to find the file name in the following table.
:file_names 3;
    "N/A";
    "<interactive>";
    "try.v";
