#! /c/iverilog/bin/vvp
:ivl_version "0.9.7 " "(v0_9_7)";
:vpi_time_precision + 0;
:vpi_module "system";
:vpi_module "v2005_math";
:vpi_module "va_math";
S_011B9068 .scope module, "seq_multiplier" "seq_multiplier" 2 1;
 .timescale 0 0;
P_01022044 .param/l "n" 2 3, +C4<0100>;
v0105E058_0 .net "add", 0 0, v011BEC88_0; 1 drivers
v0105E790_0 .net "clk", 0 0, C4<z>; 0 drivers
v0105E370_0 .net "load", 0 0, v0105E478_0; 1 drivers
v0105E3C8_0 .net "m0", 0 0, L_0105E738; 1 drivers
v0105E6E0_0 .net "product", 7 0, v011BB3A8_0; 1 drivers
v0105E108_0 .net "ready", 0 0, v0105E630_0; 1 drivers
v0105E5D8_0 .net "rst", 0 0, C4<z>; 0 drivers
v0105E580_0 .net "shift", 0 0, v0105E318_0; 1 drivers
v0105E160_0 .net "start", 0 0, C4<z>; 0 drivers
v0105E688_0 .net "word1", 3 0, C4<zzzz>; 0 drivers
v0105E1B8_0 .net "word2", 3 0, C4<zzzz>; 0 drivers
S_011B94A8 .scope module, "A" "control_unit" 2 8, 2 12, S_011B9068;
 .timescale 0 0;
P_01032A9C .param/l "s1" 2 16, C4<0001>;
P_01032AB0 .param/l "s2" 2 16, C4<0010>;
P_01032AC4 .param/l "s3" 2 16, C4<0011>;
P_01032AD8 .param/l "s4" 2 16, C4<0100>;
P_01032AEC .param/l "s5" 2 16, C4<0101>;
P_01032B00 .param/l "s6" 2 16, C4<0110>;
P_01032B14 .param/l "s7" 2 16, C4<0111>;
P_01032B28 .param/l "s8" 2 16, C4<1000>;
P_01032B3C .param/l "s_idle" 2 16, C4<0000>;
v011BEC88_0 .var "add", 0 0;
v01032B58_0 .alias "clk", 0 0, v0105E790_0;
v0105E478_0 .var "load", 0 0;
v0105E4D0_0 .alias "m0", 0 0, v0105E3C8_0;
v0105E0B0_0 .var "ns", 3 0;
v0105E2C0_0 .var "ps", 3 0;
v0105E630_0 .var "ready", 0 0;
v0105E528_0 .alias "rst", 0 0, v0105E5D8_0;
v0105E318_0 .var "shift", 0 0;
v0105E420_0 .alias "start", 0 0, v0105E160_0;
E_01021C40 .event edge, v0105E420_0, v0105E2C0_0, v011B4580_0;
S_011B90F0 .scope module, "B" "datapath_unit" 2 9, 2 72, S_011B9068;
 .timescale 0 0;
P_01021B84 .param/l "n" 2 74, +C4<0100>;
v011B3370_0 .alias "add", 0 0, v0105E058_0;
v011B33C8_0 .alias "clk", 0 0, v0105E790_0;
v011B3420_0 .alias "load", 0 0, v0105E370_0;
v011B4580_0 .alias "m0", 0 0, v0105E3C8_0;
v011B45D8_0 .var "mulp", 3 0;
v011B4630_0 .var "mult", 3 0;
v011BB350_0 .var "pro", 7 0;
v011BB3A8_0 .var "product", 7 0;
v011BB400_0 .net "proudct", 0 0, L_0105E210; 1 drivers
v011BB458_0 .alias "rst", 0 0, v0105E5D8_0;
v011BEB80_0 .alias "shift", 0 0, v0105E580_0;
v011BEBD8_0 .alias "word1", 3 0, v0105E688_0;
v011BEC30_0 .alias "word2", 3 0, v0105E1B8_0;
E_01021BC0 .event posedge, v011B33C8_0;
L_0105E738 .part v011BB350_0, 0, 1;
L_0105E210 .part v011BB350_0, 0, 1;
    .scope S_011B94A8;
T_0 ;
    %wait E_01021C40;
    %set/v v011BEC88_0, 0, 1;
    %set/v v0105E318_0, 0, 1;
    %set/v v0105E478_0, 0, 1;
    %set/v v0105E630_0, 0, 1;
    %load/v 8, v0105E2C0_0, 4;
    %cmpi/u 8, 0, 4;
    %jmp/1 T_0.0, 6;
    %cmpi/u 8, 1, 4;
    %jmp/1 T_0.1, 6;
    %cmpi/u 8, 2, 4;
    %jmp/1 T_0.2, 6;
    %cmpi/u 8, 3, 4;
    %jmp/1 T_0.3, 6;
    %cmpi/u 8, 4, 4;
    %jmp/1 T_0.4, 6;
    %cmpi/u 8, 5, 4;
    %jmp/1 T_0.5, 6;
    %cmpi/u 8, 6, 4;
    %jmp/1 T_0.6, 6;
    %cmpi/u 8, 7, 4;
    %jmp/1 T_0.7, 6;
    %cmpi/u 8, 8, 4;
    %jmp/1 T_0.8, 6;
    %set/v v0105E0B0_0, 0, 4;
    %jmp T_0.10;
T_0.0 ;
    %load/v 8, v0105E420_0, 1;
    %jmp/0xz  T_0.11, 8;
    %movi 8, 1, 4;
    %set/v v0105E0B0_0, 8, 4;
    %jmp T_0.12;
T_0.11 ;
    %set/v v0105E0B0_0, 0, 4;
T_0.12 ;
    %jmp T_0.10;
T_0.1 ;
    %load/v 8, v0105E4D0_0, 1;
    %jmp/0xz  T_0.13, 8;
    %movi 8, 2, 4;
    %set/v v0105E0B0_0, 8, 4;
    %jmp T_0.14;
T_0.13 ;
    %load/v 8, v0105E4D0_0, 1;
    %inv 8, 1;
    %jmp/0xz  T_0.15, 8;
    %movi 8, 3, 4;
    %set/v v0105E0B0_0, 8, 4;
T_0.15 ;
T_0.14 ;
    %jmp T_0.10;
T_0.2 ;
    %movi 8, 3, 4;
    %set/v v0105E0B0_0, 8, 4;
    %jmp T_0.10;
T_0.3 ;
    %load/v 8, v0105E4D0_0, 1;
    %jmp/0xz  T_0.17, 8;
    %movi 8, 4, 4;
    %set/v v0105E0B0_0, 8, 4;
    %jmp T_0.18;
T_0.17 ;
    %load/v 8, v0105E4D0_0, 1;
    %inv 8, 1;
    %jmp/0xz  T_0.19, 8;
    %movi 8, 5, 4;
    %set/v v0105E0B0_0, 8, 4;
T_0.19 ;
T_0.18 ;
    %jmp T_0.10;
T_0.4 ;
    %movi 8, 5, 4;
    %set/v v0105E0B0_0, 8, 4;
    %jmp T_0.10;
T_0.5 ;
    %load/v 8, v0105E4D0_0, 1;
    %jmp/0xz  T_0.21, 8;
    %movi 8, 6, 4;
    %set/v v0105E0B0_0, 8, 4;
    %jmp T_0.22;
T_0.21 ;
    %load/v 8, v0105E4D0_0, 1;
    %inv 8, 1;
    %jmp/0xz  T_0.23, 8;
    %movi 8, 7, 4;
    %set/v v0105E0B0_0, 8, 4;
T_0.23 ;
T_0.22 ;
    %jmp T_0.10;
T_0.6 ;
    %movi 8, 7, 4;
    %set/v v0105E0B0_0, 8, 4;
    %jmp T_0.10;
T_0.7 ;
    %movi 8, 8, 4;
    %set/v v0105E0B0_0, 8, 4;
    %jmp T_0.10;
T_0.8 ;
    %load/v 8, v0105E420_0, 1;
    %jmp/0xz  T_0.25, 8;
    %movi 8, 1, 4;
    %set/v v0105E0B0_0, 8, 4;
    %jmp T_0.26;
T_0.25 ;
    %movi 8, 8, 4;
    %set/v v0105E0B0_0, 8, 4;
T_0.26 ;
    %jmp T_0.10;
T_0.10 ;
    %jmp T_0;
    .thread T_0, $push;
    .scope S_011B94A8;
T_1 ;
    %wait E_01021BC0;
    %load/v 8, v0105E528_0, 1;
    %jmp/0xz  T_1.0, 8;
    %ix/load 0, 4, 0;
    %assign/v0 v0105E2C0_0, 0, 0;
    %jmp T_1.1;
T_1.0 ;
    %load/v 8, v0105E0B0_0, 4;
    %ix/load 0, 4, 0;
    %assign/v0 v0105E2C0_0, 0, 8;
T_1.1 ;
    %jmp T_1;
    .thread T_1;
    .scope S_011B94A8;
T_2 ;
    %wait E_01021C40;
    %load/v 8, v0105E2C0_0, 4;
    %cmpi/u 8, 0, 4;
    %jmp/1 T_2.0, 6;
    %cmpi/u 8, 1, 4;
    %jmp/1 T_2.1, 6;
    %cmpi/u 8, 2, 4;
    %jmp/1 T_2.2, 6;
    %cmpi/u 8, 3, 4;
    %jmp/1 T_2.3, 6;
    %cmpi/u 8, 4, 4;
    %jmp/1 T_2.4, 6;
    %cmpi/u 8, 5, 4;
    %jmp/1 T_2.5, 6;
    %cmpi/u 8, 6, 4;
    %jmp/1 T_2.6, 6;
    %cmpi/u 8, 7, 4;
    %jmp/1 T_2.7, 6;
    %cmpi/u 8, 8, 4;
    %jmp/1 T_2.8, 6;
    %set/v v011BEC88_0, 0, 1;
    %set/v v0105E318_0, 0, 1;
    %set/v v0105E478_0, 0, 1;
    %set/v v0105E630_0, 0, 1;
    %jmp T_2.10;
T_2.0 ;
    %load/v 8, v0105E420_0, 1;
    %jmp/0xz  T_2.11, 8;
    %set/v v0105E478_0, 1, 1;
    %set/v v0105E630_0, 1, 1;
T_2.11 ;
    %jmp T_2.10;
T_2.1 ;
    %load/v 8, v0105E4D0_0, 1;
    %jmp/0xz  T_2.13, 8;
    %set/v v011BEC88_0, 1, 1;
    %jmp T_2.14;
T_2.13 ;
    %set/v v0105E318_0, 1, 1;
T_2.14 ;
    %jmp T_2.10;
T_2.2 ;
    %set/v v0105E318_0, 1, 1;
    %jmp T_2.10;
T_2.3 ;
    %load/v 8, v0105E4D0_0, 1;
    %jmp/0xz  T_2.15, 8;
    %set/v v011BEC88_0, 1, 1;
    %jmp T_2.16;
T_2.15 ;
    %set/v v0105E318_0, 1, 1;
T_2.16 ;
    %jmp T_2.10;
T_2.4 ;
    %set/v v0105E318_0, 1, 1;
    %jmp T_2.10;
T_2.5 ;
    %load/v 8, v0105E4D0_0, 1;
    %jmp/0xz  T_2.17, 8;
    %set/v v011BEC88_0, 1, 1;
    %jmp T_2.18;
T_2.17 ;
    %load/v 8, v0105E4D0_0, 1;
    %inv 8, 1;
    %jmp/0xz  T_2.19, 8;
    %set/v v0105E318_0, 1, 1;
T_2.19 ;
T_2.18 ;
    %jmp T_2.10;
T_2.6 ;
    %set/v v0105E318_0, 1, 1;
    %jmp T_2.10;
T_2.7 ;
    %load/v 8, v0105E4D0_0, 1;
    %jmp/0xz  T_2.21, 8;
    %set/v v011BEC88_0, 1, 1;
T_2.21 ;
    %jmp T_2.10;
T_2.8 ;
    %load/v 8, v0105E420_0, 1;
    %jmp/0xz  T_2.23, 8;
    %set/v v0105E630_0, 1, 1;
    %set/v v0105E478_0, 1, 1;
T_2.23 ;
    %jmp T_2.10;
T_2.10 ;
    %jmp T_2;
    .thread T_2, $push;
    .scope S_011B90F0;
T_3 ;
    %wait E_01021BC0;
    %load/v 8, v011BB458_0, 1;
    %jmp/0xz  T_3.0, 8;
    %ix/load 0, 4, 0;
    %assign/v0 v011B4630_0, 0, 0;
    %ix/load 0, 8, 0;
    %assign/v0 v011BB350_0, 0, 0;
    %ix/load 0, 4, 0;
    %assign/v0 v011B45D8_0, 0, 0;
    %jmp T_3.1;
T_3.0 ;
    %load/v 8, v011B3420_0, 1;
    %jmp/0xz  T_3.2, 8;
    %load/v 8, v011BEBD8_0, 4;
    %ix/load 0, 4, 0;
    %assign/v0 v011B4630_0, 0, 8;
    %ix/load 0, 8, 0;
    %assign/v0 v011BB350_0, 0, 0;
    %load/v 8, v011BEC30_0, 4;
    %ix/load 0, 4, 0;
    %assign/v0 v011B45D8_0, 0, 8;
    %jmp T_3.3;
T_3.2 ;
    %load/v 8, v011B3370_0, 1;
    %jmp/0xz  T_3.4, 8;
    %load/v 8, v011BB350_0, 8;
    %load/v 16, v011B4630_0, 4;
    %mov 20, 0, 4;
    %add 8, 16, 8;
    %ix/load 0, 8, 0;
    %assign/v0 v011BB350_0, 0, 8;
    %jmp T_3.5;
T_3.4 ;
    %load/v 8, v011BEB80_0, 1;
    %jmp/0xz  T_3.6, 8;
    %mov 16, 0, 1;
    %load/v 17, v011BB350_0, 3; Select 3 out of 8 bits
    %mov 8, 16, 4;
    %mov 12, 0, 4;
    %ix/load 0, 8, 0;
    %assign/v0 v011BB350_0, 0, 8;
    %ix/load 1, 1, 0;
    %mov 4, 0, 1;
    %jmp/1 T_3.8, 4;
    %load/x1p 12, v011B45D8_0, 3;
    %jmp T_3.9;
T_3.8 ;
    %mov 12, 2, 3;
T_3.9 ;
    %mov 8, 12, 3; Move signal select into place
    %mov 11, 0, 1;
    %ix/load 0, 4, 0;
    %assign/v0 v011B45D8_0, 0, 8;
T_3.6 ;
T_3.5 ;
T_3.3 ;
T_3.1 ;
    %jmp T_3;
    .thread T_3;
# The file index is used to find the file name in the following table.
:file_names 3;
    "N/A";
    "<interactive>";
    "seq_multiplier.v";
